#
# There is insufficient memory for the Java Runtime Environment to continue.
# Native memory allocation (malloc) failed to allocate 1427696 bytes for Chunk::new
# Possible reasons:
#   The system is out of physical RAM or swap space
#   In 32 bit mode, the process size limit was hit
# Possible solutions:
#   Reduce memory load on the system
#   Increase physical memory or swap space
#   Check if swap backing store is full
#   Use 64 bit Java on a 64 bit OS
#   Decrease Java heap size (-Xmx/-Xms)
#   Decrease number of Java threads
#   Decrease Java thread stack sizes (-Xss)
#   Set larger code cache with -XX:ReservedCodeCacheSize=
# This output file may be truncated or incomplete.
#
#  Out of Memory Error (allocation.cpp:390), pid=12120, tid=0x0000000000000374
#
# JRE version: OpenJDK Runtime Environment (8.0_152-b01) (build 1.8.0_152-release-915-b01)
# Java VM: OpenJDK 64-Bit Server VM (25.152-b01 mixed mode windows-amd64 compressed oops)
# Failed to write core dump. Minidumps are not enabled by default on client versions of Windows
#

---------------  T H R E A D  ---------------

Current thread (0x0000000018d02800):  JavaThread "C2 CompilerThread1" daemon [_thread_in_native, id=884, stack(0x000000001a470000,0x000000001a570000)]

Stack: [0x000000001a470000,0x000000001a570000]
[error occurred during error reporting (printing stack bounds), id 0xc0000005]

Native frames: (J=compiled Java code, j=interpreted, Vv=VM code, C=native code)


Current CompileTask:
C2:  54206 7911 % !   4       com.android.ide.common.res2.DataMerger::mergeData @ 239 (603 bytes)


---------------  P R O C E S S  ---------------

Java Threads: ( => current thread )
  0x00000000206b3800 JavaThread "pool-2-thread-1" [_thread_blocked, id=8232, stack(0x000000002a6b0000,0x000000002a7b0000)]
  0x00000000206a6000 JavaThread "stdout" daemon [_thread_in_native, id=7280, stack(0x000000002a3b0000,0x000000002a4b0000)]
  0x00000000206ad000 JavaThread "stderr" daemon [_thread_in_native, id=10424, stack(0x000000002a2b0000,0x000000002a3b0000)]
  0x00000000206a5800 JavaThread "stdout" daemon [_thread_in_native, id=12144, stack(0x000000002a1b0000,0x000000002a2b0000)]
  0x00000000206aa800 JavaThread "stderr" daemon [_thread_in_native, id=5940, stack(0x000000002a0b0000,0x000000002a1b0000)]
  0x00000000206aa000 JavaThread "stdout" daemon [_thread_in_native, id=940, stack(0x0000000029fb0000,0x000000002a0b0000)]
  0x00000000206a7000 JavaThread "stderr" daemon [_thread_in_native, id=4228, stack(0x0000000029eb0000,0x0000000029fb0000)]
  0x00000000206ac000 JavaThread "stdout" daemon [_thread_in_native, id=9688, stack(0x0000000029db0000,0x0000000029eb0000)]
  0x00000000206a7800 JavaThread "stderr" daemon [_thread_in_native, id=11856, stack(0x0000000029cb0000,0x0000000029db0000)]
  0x00000000206a9000 JavaThread "queued-resource-processor_4" daemon [_thread_blocked, id=8736, stack(0x0000000029bb0000,0x0000000029cb0000)]
  0x00000000206a8800 JavaThread "queued-resource-processor_3" daemon [_thread_blocked, id=5488, stack(0x0000000029ab0000,0x0000000029bb0000)]
  0x00000000206ab800 JavaThread "queued-resource-processor_2" daemon [_thread_blocked, id=11632, stack(0x00000000299b0000,0x0000000029ab0000)]
  0x00000000205a5800 JavaThread "queued-resource-processor_1" daemon [_thread_blocked, id=11968, stack(0x00000000298b0000,0x00000000299b0000)]
  0x00000000205a1000 JavaThread "Worker Daemon Execution Thread 63" [_thread_blocked, id=8368, stack(0x00000000297b0000,0x00000000298b0000)]
  0x00000000205a5000 JavaThread "Worker Daemon Execution Thread 62" [_thread_blocked, id=8692, stack(0x00000000296b0000,0x00000000297b0000)]
  0x00000000205a0800 JavaThread "Worker Daemon Execution Thread 61" [_thread_blocked, id=7816, stack(0x00000000295b0000,0x00000000296b0000)]
  0x00000000205a4000 JavaThread "Worker Daemon Execution Thread 60" [_thread_blocked, id=8084, stack(0x00000000294b0000,0x00000000295b0000)]
  0x00000000205a2800 JavaThread "Worker Daemon Execution Thread 59" [_thread_blocked, id=10636, stack(0x00000000293b0000,0x00000000294b0000)]
  0x00000000205a2000 JavaThread "Worker Daemon Execution Thread 58" [_thread_blocked, id=2560, stack(0x00000000292b0000,0x00000000293b0000)]
  0x000000002059f800 JavaThread "Worker Daemon Execution Thread 57" [_thread_blocked, id=10704, stack(0x00000000291b0000,0x00000000292b0000)]
  0x00000000205a3800 JavaThread "Worker Daemon Execution Thread 56" [_thread_blocked, id=7224, stack(0x00000000290b0000,0x00000000291b0000)]
  0x0000000020598000 JavaThread "Worker Daemon Execution Thread 55" [_thread_blocked, id=892, stack(0x0000000028fb0000,0x00000000290b0000)]
  0x000000002059f000 JavaThread "Worker Daemon Execution Thread 54" [_thread_blocked, id=2756, stack(0x0000000028eb0000,0x0000000028fb0000)]
  0x0000000020597800 JavaThread "Worker Daemon Execution Thread 53" [_thread_blocked, id=2812, stack(0x0000000028db0000,0x0000000028eb0000)]
  0x000000002059e000 JavaThread "Worker Daemon Execution Thread 52" [_thread_blocked, id=5188, stack(0x0000000028cb0000,0x0000000028db0000)]
  0x0000000020596800 JavaThread "Worker Daemon Execution Thread 51" [_thread_blocked, id=6112, stack(0x0000000028bb0000,0x0000000028cb0000)]
  0x000000002059d800 JavaThread "Worker Daemon Execution Thread 50" [_thread_blocked, id=1588, stack(0x0000000028ab0000,0x0000000028bb0000)]
  0x000000002059c800 JavaThread "Worker Daemon Execution Thread 49" [_thread_blocked, id=9432, stack(0x00000000289b0000,0x0000000028ab0000)]
  0x000000002059c000 JavaThread "Worker Daemon Execution Thread 48" [_thread_blocked, id=7372, stack(0x00000000288b0000,0x00000000289b0000)]
  0x000000002059a800 JavaThread "Worker Daemon Execution Thread 47" [_thread_blocked, id=6468, stack(0x00000000287b0000,0x00000000288b0000)]
  0x0000000020599000 JavaThread "Worker Daemon Execution Thread 46" [_thread_blocked, id=10204, stack(0x00000000286b0000,0x00000000287b0000)]
  0x0000000020599800 JavaThread "Worker Daemon Execution Thread 45" [_thread_blocked, id=8404, stack(0x00000000285b0000,0x00000000286b0000)]
  0x000000002059b000 JavaThread "Worker Daemon Execution Thread 44" [_thread_blocked, id=4648, stack(0x00000000284b0000,0x00000000285b0000)]
  0x000000001eb62800 JavaThread "Worker Daemon Execution Thread 43" [_thread_blocked, id=4948, stack(0x00000000283b0000,0x00000000284b0000)]
  0x000000001eb65800 JavaThread "Worker Daemon Execution Thread 42" [_thread_blocked, id=8024, stack(0x00000000282b0000,0x00000000283b0000)]
  0x000000001eb61000 JavaThread "Worker Daemon Execution Thread 41" [_thread_blocked, id=9084, stack(0x00000000281b0000,0x00000000282b0000)]
  0x000000001eb63000 JavaThread "Worker Daemon Execution Thread 40" [_thread_blocked, id=6944, stack(0x00000000280b0000,0x00000000281b0000)]
  0x000000001eb64800 JavaThread "Worker Daemon Execution Thread 39" [_thread_blocked, id=11060, stack(0x0000000027fb0000,0x00000000280b0000)]
  0x000000001eb61800 JavaThread "Worker Daemon Execution Thread 38" [_thread_blocked, id=528, stack(0x0000000027eb0000,0x0000000027fb0000)]
  0x000000001eb60000 JavaThread "Worker Daemon Execution Thread 37" [_thread_blocked, id=11784, stack(0x0000000027db0000,0x0000000027eb0000)]
  0x000000001eb5f800 JavaThread "Worker Daemon Execution Thread 36" [_thread_blocked, id=2420, stack(0x0000000027cb0000,0x0000000027db0000)]
  0x000000001eb64000 JavaThread "Worker Daemon Execution Thread 35" [_thread_blocked, id=11276, stack(0x0000000027bb0000,0x0000000027cb0000)]
  0x000000001eb58800 JavaThread "Worker Daemon Execution Thread 34" [_thread_blocked, id=11948, stack(0x0000000027ab0000,0x0000000027bb0000)]
  0x000000001eb5e800 JavaThread "Worker Daemon Execution Thread 33" [_thread_blocked, id=7100, stack(0x00000000279b0000,0x0000000027ab0000)]
  0x000000001eb57000 JavaThread "Worker Daemon Execution Thread 32" [_thread_blocked, id=11588, stack(0x00000000278b0000,0x00000000279b0000)]
  0x000000001eb5e000 JavaThread "Worker Daemon Execution Thread 31" [_thread_blocked, id=7196, stack(0x00000000277b0000,0x00000000278b0000)]
  0x000000001eb5b000 JavaThread "Worker Daemon Execution Thread 30" [_thread_blocked, id=7720, stack(0x00000000276b0000,0x00000000277b0000)]
  0x000000001eb58000 JavaThread "Worker Daemon Execution Thread 29" [_thread_blocked, id=2068, stack(0x00000000275b0000,0x00000000276b0000)]
  0x000000001eb5c800 JavaThread "Worker Daemon Execution Thread 28" [_thread_blocked, id=8384, stack(0x00000000274b0000,0x00000000275b0000)]
  0x000000001eb56800 JavaThread "Worker Daemon Execution Thread 27" [_thread_blocked, id=5212, stack(0x00000000273b0000,0x00000000274b0000)]
  0x000000001eb5d000 JavaThread "Worker Daemon Execution Thread 26" [_thread_blocked, id=3852, stack(0x00000000272b0000,0x00000000273b0000)]
  0x000000001eb5a000 JavaThread "Worker Daemon Execution Thread 25" [_thread_blocked, id=1808, stack(0x00000000271b0000,0x00000000272b0000)]
  0x000000001eb5b800 JavaThread "Worker Daemon Execution Thread 24" [_thread_blocked, id=9520, stack(0x00000000270b0000,0x00000000271b0000)]
  0x000000002066f000 JavaThread "Worker Daemon Execution Thread 23" [_thread_blocked, id=8244, stack(0x0000000026fb0000,0x00000000270b0000)]
  0x0000000020670800 JavaThread "Worker Daemon Execution Thread 22" [_thread_blocked, id=6976, stack(0x0000000026eb0000,0x0000000026fb0000)]
  0x000000002066e000 JavaThread "Worker Daemon Execution Thread 21" [_thread_blocked, id=6364, stack(0x0000000026db0000,0x0000000026eb0000)]
  0x000000002066f800 JavaThread "Worker Daemon Execution Thread 20" [_thread_blocked, id=4416, stack(0x0000000026cb0000,0x0000000026db0000)]
  0x0000000020666800 JavaThread "Worker Daemon Execution Thread 19" [_thread_blocked, id=11900, stack(0x0000000026bb0000,0x0000000026cb0000)]
  0x000000002066d800 JavaThread "Worker Daemon Execution Thread 18" [_thread_blocked, id=860, stack(0x0000000026ab0000,0x0000000026bb0000)]
  0x0000000020666000 JavaThread "Worker Daemon Execution Thread 17" [_thread_blocked, id=2308, stack(0x00000000269b0000,0x0000000026ab0000)]
  0x000000002066c800 JavaThread "Worker Daemon Execution Thread 16" [_thread_blocked, id=11072, stack(0x00000000268b0000,0x00000000269b0000)]
  0x000000002066c000 JavaThread "Worker Daemon Execution Thread 15" [_thread_blocked, id=8264, stack(0x00000000267b0000,0x00000000268b0000)]
  0x0000000020668000 JavaThread "Worker Daemon Execution Thread 14" [_thread_blocked, id=9116, stack(0x00000000266b0000,0x00000000267b0000)]
  0x0000000020667800 JavaThread "Worker Daemon Execution Thread 13" [_thread_blocked, id=6376, stack(0x00000000265b0000,0x00000000266b0000)]
  0x0000000020664800 JavaThread "Worker Daemon Execution Thread 12" [_thread_blocked, id=1824, stack(0x00000000264b0000,0x00000000265b0000)]
  0x0000000020665000 JavaThread "Worker Daemon Execution Thread 11" [_thread_blocked, id=9744, stack(0x00000000263b0000,0x00000000264b0000)]
  0x000000002066b000 JavaThread "Worker Daemon Execution Thread 10" [_thread_blocked, id=8048, stack(0x00000000262b0000,0x00000000263b0000)]
  0x000000002066a800 JavaThread "Worker Daemon Execution Thread 9" [_thread_blocked, id=1408, stack(0x00000000261b0000,0x00000000262b0000)]
  0x0000000020663000 JavaThread "Worker Daemon Execution Thread 8" [_thread_blocked, id=8012, stack(0x00000000260b0000,0x00000000261b0000)]
  0x0000000020669800 JavaThread "Worker Daemon Execution Thread 7" [_thread_blocked, id=6604, stack(0x0000000025fb0000,0x00000000260b0000)]
  0x0000000020669000 JavaThread "Worker Daemon Execution Thread 6" [_thread_blocked, id=7960, stack(0x0000000025eb0000,0x0000000025fb0000)]
  0x0000000020661800 JavaThread "Worker Daemon Execution Thread 5" [_thread_blocked, id=10368, stack(0x0000000025db0000,0x0000000025eb0000)]
  0x0000000020663800 JavaThread "Worker Daemon Execution Thread 4" [_thread_blocked, id=4760, stack(0x0000000025a80000,0x0000000025b80000)]
  0x0000000020662000 JavaThread "Worker Daemon Execution Thread 3" [_thread_blocked, id=2700, stack(0x0000000025980000,0x0000000025a80000)]
  0x000000001c1eb800 JavaThread "Worker Daemon Execution Thread 2" [_thread_in_native, id=5004, stack(0x0000000025880000,0x0000000025980000)]
  0x000000001c14d000 JavaThread "Worker Daemon Execution" [_thread_blocked, id=11788, stack(0x0000000025780000,0x0000000025880000)]
  0x000000001c14e800 JavaThread "Task worker for ':' Thread 3" [_thread_blocked, id=11336, stack(0x0000000025480000,0x0000000025580000)]
  0x000000001c151000 JavaThread "Task worker for ':' Thread 2" [_thread_blocked, id=11292, stack(0x0000000025380000,0x0000000025480000)]
  0x000000001c14e000 JavaThread "Task worker for ':'" [_thread_blocked, id=6552, stack(0x0000000023c60000,0x0000000023d60000)]
  0x000000001c153000 JavaThread "Cache worker for task history cache (C:\Proyecto\Wake_Up\.gradle\4.1\taskHistory)" [_thread_blocked, id=10232, stack(0x00000000238f0000,0x00000000239f0000)]
  0x000000001c1f2000 JavaThread "Memory manager" [_thread_blocked, id=8640, stack(0x0000000022ba0000,0x0000000022ca0000)]
  0x000000001c1f0000 JavaThread "build operations Thread 4" [_thread_blocked, id=7920, stack(0x0000000022aa0000,0x0000000022ba0000)]
  0x000000001c1ed000 JavaThread "build operations Thread 3" [_thread_blocked, id=2592, stack(0x00000000229a0000,0x0000000022aa0000)]
  0x000000001c1ee800 JavaThread "build operations Thread 2" [_thread_blocked, id=4736, stack(0x00000000228a0000,0x00000000229a0000)]
  0x000000001c1ed800 JavaThread "build operations" [_thread_blocked, id=3056, stack(0x00000000226a0000,0x00000000227a0000)]
  0x000000001c1ec000 JavaThread "Cache worker for Artifact transforms cache (C:\Users\Jon_Acha\.gradle\caches\transforms-1)" [_thread_blocked, id=9088, stack(0x00000000223a0000,0x00000000224a0000)]
  0x000000001c30e800 JavaThread "Cache worker for file hash cache (C:\Proyecto\Wake_Up\.gradle\4.1\fileHashes)" [_thread_blocked, id=8276, stack(0x000000001e8b0000,0x000000001e9b0000)]
  0x000000001bffc800 JavaThread "File lock request listener" [_thread_in_native, id=11612, stack(0x000000001e5b0000,0x000000001e6b0000)]
  0x000000001c41d800 JavaThread "Cache worker for file hash cache (C:\Users\Jon_Acha\.gradle\caches\4.1\fileHashes)" [_thread_blocked, id=5836, stack(0x000000001e4b0000,0x000000001e5b0000)]
  0x000000001b9e9800 JavaThread "Stdin handler" [_thread_blocked, id=3124, stack(0x000000001e3b0000,0x000000001e4b0000)]
  0x000000001bde6000 JavaThread "Asynchronous log dispatcher for DefaultDaemonConnection: socket connection from /127.0.0.1:53402 to /127.0.0.1:53403" [_thread_blocked, id=1176, stack(0x000000001e2b0000,0x000000001e3b0000)]
  0x000000001bde1800 JavaThread "Daemon worker" [_thread_blocked, id=7620, stack(0x000000001e1b0000,0x000000001e2b0000)]
  0x000000001ba75800 JavaThread "Cancel handler" [_thread_blocked, id=1420, stack(0x000000001e0b0000,0x000000001e1b0000)]
  0x000000001bae9000 JavaThread "Handler for socket connection from /127.0.0.1:53402 to /127.0.0.1:53403" [_thread_in_native, id=2788, stack(0x000000001ddb0000,0x000000001deb0000)]
  0x000000001bae8800 JavaThread "Daemon" [_thread_blocked, id=10488, stack(0x000000001dcb0000,0x000000001ddb0000)]
  0x000000001bad1000 JavaThread "Daemon periodic checks" [_thread_blocked, id=4408, stack(0x000000001dbb0000,0x000000001dcb0000)]
  0x000000001bd74000 JavaThread "Incoming local TCP Connector on port 53402" [_thread_in_native, id=6652, stack(0x000000001d950000,0x000000001da50000)]
  0x000000001a698800 JavaThread "Service Thread" daemon [_thread_blocked, id=7532, stack(0x000000001aa70000,0x000000001ab70000)]
  0x0000000018d08800 JavaThread "C1 CompilerThread2" daemon [_thread_blocked, id=9392, stack(0x000000001a570000,0x000000001a670000)]
=>0x0000000018d02800 JavaThread "C2 CompilerThread1" daemon [_thread_in_native, id=884, stack(0x000000001a470000,0x000000001a570000)]
  0x0000000018cff800 JavaThread "C2 CompilerThread0" daemon [_thread_blocked, id=2132, stack(0x000000001a370000,0x000000001a470000)]
  0x0000000018cfc000 JavaThread "Attach Listener" daemon [_thread_blocked, id=11804, stack(0x000000001a270000,0x000000001a370000)]
  0x0000000018cfb000 JavaThread "Signal Dispatcher" daemon [_thread_blocked, id=8868, stack(0x000000001a170000,0x000000001a270000)]
  0x0000000018ced800 JavaThread "Finalizer" daemon [_thread_blocked, id=10972, stack(0x0000000019f60000,0x000000001a060000)]
  0x0000000005385000 JavaThread "Reference Handler" daemon [_thread_blocked, id=10892, stack(0x0000000019e60000,0x0000000019f60000)]
  0x0000000005292800 JavaThread "main" [_thread_blocked, id=8612, stack(0x0000000005100000,0x0000000005200000)]

Other Threads:
  0x0000000018cc6000 VMThread [stack: 0x0000000019d60000,0x0000000019e60000] [id=4484]
  0x0000000018d5d800 WatcherThread [stack: 0x000000001ab70000,0x000000001ac70000] [id=3588]

VM state:not at safepoint (normal execution)

VM Mutex/Monitor currently owned by a thread: None

Heap:
 PSYoungGen      total 186368K, used 27336K [0x00000000e0000000, 0x00000000ed300000, 0x0000000100000000)
  eden space 164864K, 3% used [0x00000000e0000000,0x00000000e05b2910,0x00000000ea100000)
  from space 21504K, 99% used [0x00000000ea100000,0x00000000eb5ff958,0x00000000eb600000)
  to   space 15360K, 0% used [0x00000000eb600000,0x00000000eb600000,0x00000000ec500000)
 ParOldGen       total 101376K, used 35795K [0x00000000a0000000, 0x00000000a6300000, 0x00000000e0000000)
  object space 101376K, 35% used [0x00000000a0000000,0x00000000a22f4f58,0x00000000a6300000)
 Metaspace       used 55326K, capacity 56932K, committed 57176K, reserved 1099776K
  class space    used 7354K, capacity 7743K, committed 7808K, reserved 1048576K

Card table byte_map: [0x0000000014750000,0x0000000014a60000] byte_map_base: 0x0000000014250000

Marking Bits: (ParMarkBitMap*) 0x000000006f863950
 Begin Bits: [0x0000000015060000, 0x0000000016860000)
 End Bits:   [0x0000000016860000, 0x0000000018060000)

Polling page: 0x00000000033a0000

CodeCache: size=245760Kb used=23488Kb max_used=23501Kb free=222271Kb
 bounds [0x0000000005390000, 0x0000000006aa0000, 0x0000000014390000]
 total_blobs=7697 nmethods=6911 adapters=698
 compilation: enabled

Compilation events (10 events):
Event: 54.111 Thread 0x0000000018cff800 8008       4       com.android.utils.XmlUtils::toXmlTextValue (65 bytes)
Event: 54.115 Thread 0x0000000018cff800 nmethod 8008 0x0000000006a96490 code [0x0000000006a965e0, 0x0000000006a967f8]
Event: 54.129 Thread 0x0000000018cff800 8009       4       com.google.common.collect.AbstractMapBasedMultimap$WrappedCollection::refreshIfEmpty (78 bytes)
Event: 54.130 Thread 0x0000000018cff800 nmethod 8009 0x0000000006a80050 code [0x0000000006a801a0, 0x0000000006a80278]
Event: 54.131 Thread 0x0000000018cff800 8010 %     4       sun.nio.cs.UTF_8$Encoder::encodeArrayLoop @ 109 (489 bytes)
Event: 54.151 Thread 0x0000000018cff800 nmethod 8010% 0x0000000006a969d0 code [0x0000000006a96b60, 0x0000000006a97958]
Event: 54.164 Thread 0x0000000018cff800 8011       4       com.android.ide.common.res2.ResourceItem::compareTo (9 bytes)
Event: 54.166 Thread 0x0000000018cff800 nmethod 8011 0x0000000006a989d0 code [0x0000000006a98b20, 0x0000000006a98d38]
Event: 54.181 Thread 0x0000000018cff800 8012       4       java.io.WinNTFileSystem::resolve (231 bytes)
Event: 54.193 Thread 0x0000000018cff800 nmethod 8012 0x0000000006a99610 code [0x0000000006a997a0, 0x0000000006a9a078]

GC Heap History (10 events):
Event: 8.451 GC heap before
{Heap before GC invocations=9 (full 2):
 PSYoungGen      total 108544K, used 9966K [0x00000000e0000000, 0x00000000ea300000, 0x0000000100000000)
  eden space 98304K, 0% used [0x00000000e0000000,0x00000000e0000000,0x00000000e6000000)
  from space 10240K, 97% used [0x00000000e6000000,0x00000000e69bb8d8,0x00000000e6a00000)
  to   space 11264K, 0% used [0x00000000e9800000,0x00000000e9800000,0x00000000ea300000)
 ParOldGen       total 63488K, used 10884K [0x00000000a0000000, 0x00000000a3e00000, 0x00000000e0000000)
  object space 63488K, 17% used [0x00000000a0000000,0x00000000a0aa10f0,0x00000000a3e00000)
 Metaspace       used 34649K, capacity 35232K, committed 35416K, reserved 1079296K
  class space    used 4695K, capacity 4914K, committed 4992K, reserved 1048576K
Event: 8.556 GC heap after
Heap after GC invocations=9 (full 2):
 PSYoungGen      total 108544K, used 0K [0x00000000e0000000, 0x00000000ea300000, 0x0000000100000000)
  eden space 98304K, 0% used [0x00000000e0000000,0x00000000e0000000,0x00000000e6000000)
  from space 10240K, 0% used [0x00000000e6000000,0x00000000e6000000,0x00000000e6a00000)
  to   space 11264K, 0% used [0x00000000e9800000,0x00000000e9800000,0x00000000ea300000)
 ParOldGen       total 101376K, used 16003K [0x00000000a0000000, 0x00000000a6300000, 0x00000000e0000000)
  object space 101376K, 15% used [0x00000000a0000000,0x00000000a0fa0e08,0x00000000a6300000)
 Metaspace       used 34649K, capacity 35232K, committed 35416K, reserved 1079296K
  class space    used 4695K, capacity 4914K, committed 4992K, reserved 1048576K
}
Event: 9.869 GC heap before
{Heap before GC invocations=10 (full 2):
 PSYoungGen      total 108544K, used 98304K [0x00000000e0000000, 0x00000000ea300000, 0x0000000100000000)
  eden space 98304K, 100% used [0x00000000e0000000,0x00000000e6000000,0x00000000e6000000)
  from space 10240K, 0% used [0x00000000e6000000,0x00000000e6000000,0x00000000e6a00000)
  to   space 11264K, 0% used [0x00000000e9800000,0x00000000e9800000,0x00000000ea300000)
 ParOldGen       total 101376K, used 16003K [0x00000000a0000000, 0x00000000a6300000, 0x00000000e0000000)
  object space 101376K, 15% used [0x00000000a0000000,0x00000000a0fa0e08,0x00000000a6300000)
 Metaspace       used 40987K, capacity 41744K, committed 42072K, reserved 1085440K
  class space    used 5454K, capacity 5705K, committed 5760K, reserved 1048576K
Event: 9.886 GC heap after
Heap after GC invocations=10 (full 2):
 PSYoungGen      total 147456K, used 10892K [0x00000000e0000000, 0x00000000ea300000, 0x0000000100000000)
  eden space 136192K, 0% used [0x00000000e0000000,0x00000000e0000000,0x00000000e8500000)
  from space 11264K, 96% used [0x00000000e9800000,0x00000000ea2a3258,0x00000000ea300000)
  to   space 12288K, 0% used [0x00000000e8b00000,0x00000000e8b00000,0x00000000e9700000)
 ParOldGen       total 101376K, used 16011K [0x00000000a0000000, 0x00000000a6300000, 0x00000000e0000000)
  object space 101376K, 15% used [0x00000000a0000000,0x00000000a0fa2e08,0x00000000a6300000)
 Metaspace       used 40987K, capacity 41744K, committed 42072K, reserved 1085440K
  class space    used 5454K, capacity 5705K, committed 5760K, reserved 1048576K
}
Event: 11.753 GC heap before
{Heap before GC invocations=11 (full 2):
 PSYoungGen      total 147456K, used 147084K [0x00000000e0000000, 0x00000000ea300000, 0x0000000100000000)
  eden space 136192K, 100% used [0x00000000e0000000,0x00000000e8500000,0x00000000e8500000)
  from space 11264K, 96% used [0x00000000e9800000,0x00000000ea2a3258,0x00000000ea300000)
  to   space 12288K, 0% used [0x00000000e8b00000,0x00000000e8b00000,0x00000000e9700000)
 ParOldGen       total 101376K, used 16011K [0x00000000a0000000, 0x00000000a6300000, 0x00000000e0000000)
  object space 101376K, 15% used [0x00000000a0000000,0x00000000a0fa2e08,0x00000000a6300000)
 Metaspace       used 49460K, capacity 50808K, committed 51032K, reserved 1093632K
  class space    used 6637K, capacity 7007K, committed 7040K, reserved 1048576K
Event: 11.793 GC heap after
Heap after GC invocations=11 (full 2):
 PSYoungGen      total 154624K, used 12268K [0x00000000e0000000, 0x00000000ec500000, 0x0000000100000000)
  eden space 142336K, 0% used [0x00000000e0000000,0x00000000e0000000,0x00000000e8b00000)
  from space 12288K, 99% used [0x00000000e8b00000,0x00000000e96fb1d0,0x00000000e9700000)
  to   space 15360K, 0% used [0x00000000eb600000,0x00000000eb600000,0x00000000ec500000)
 ParOldGen       total 101376K, used 20489K [0x00000000a0000000, 0x00000000a6300000, 0x00000000e0000000)
  object space 101376K, 20% used [0x00000000a0000000,0x00000000a1402760,0x00000000a6300000)
 Metaspace       used 49460K, capacity 50808K, committed 51032K, reserved 1093632K
  class space    used 6637K, capacity 7007K, committed 7040K, reserved 1048576K
}
Event: 46.423 GC heap before
{Heap before GC invocations=12 (full 2):
 PSYoungGen      total 154624K, used 154604K [0x00000000e0000000, 0x00000000ec500000, 0x0000000100000000)
  eden space 142336K, 100% used [0x00000000e0000000,0x00000000e8b00000,0x00000000e8b00000)
  from space 12288K, 99% used [0x00000000e8b00000,0x00000000e96fb1d0,0x00000000e9700000)
  to   space 15360K, 0% used [0x00000000eb600000,0x00000000eb600000,0x00000000ec500000)
 ParOldGen       total 101376K, used 20489K [0x00000000a0000000, 0x00000000a6300000, 0x00000000e0000000)
  object space 101376K, 20% used [0x00000000a0000000,0x00000000a1402760,0x00000000a6300000)
 Metaspace       used 53969K, capacity 55668K, committed 56024K, reserved 1097728K
  class space    used 7227K, capacity 7621K, committed 7680K, reserved 1048576K
Event: 46.455 GC heap after
Heap after GC invocations=12 (full 2):
 PSYoungGen      total 180224K, used 15332K [0x00000000e0000000, 0x00000000ed300000, 0x0000000100000000)
  eden space 164864K, 0% used [0x00000000e0000000,0x00000000e0000000,0x00000000ea100000)
  from space 15360K, 99% used [0x00000000eb600000,0x00000000ec4f90d8,0x00000000ec500000)
  to   space 21504K, 0% used [0x00000000ea100000,0x00000000ea100000,0x00000000eb600000)
 ParOldGen       total 101376K, used 31831K [0x00000000a0000000, 0x00000000a6300000, 0x00000000e0000000)
  object space 101376K, 31% used [0x00000000a0000000,0x00000000a1f15c98,0x00000000a6300000)
 Metaspace       used 53969K, capacity 55668K, committed 56024K, reserved 1097728K
  class space    used 7227K, capacity 7621K, committed 7680K, reserved 1048576K
}
Event: 53.774 GC heap before
{Heap before GC invocations=13 (full 2):
 PSYoungGen      total 180224K, used 180196K [0x00000000e0000000, 0x00000000ed300000, 0x0000000100000000)
  eden space 164864K, 100% used [0x00000000e0000000,0x00000000ea100000,0x00000000ea100000)
  from space 15360K, 99% used [0x00000000eb600000,0x00000000ec4f90d8,0x00000000ec500000)
  to   space 21504K, 0% used [0x00000000ea100000,0x00000000ea100000,0x00000000eb600000)
 ParOldGen       total 101376K, used 31831K [0x00000000a0000000, 0x00000000a6300000, 0x00000000e0000000)
  object space 101376K, 31% used [0x00000000a0000000,0x00000000a1f15c98,0x00000000a6300000)
 Metaspace       used 55158K, capacity 56802K, committed 56920K, reserved 1097728K
  class space    used 7341K, capacity 7742K, committed 7808K, reserved 1048576K
Event: 53.810 GC heap after
Heap after GC invocations=13 (full 2):
 PSYoungGen      total 186368K, used 21502K [0x00000000e0000000, 0x00000000ed300000, 0x0000000100000000)
  eden space 164864K, 0% used [0x00000000e0000000,0x00000000e0000000,0x00000000ea100000)
  from space 21504K, 99% used [0x00000000ea100000,0x00000000eb5ff958,0x00000000eb600000)
  to   space 15360K, 0% used [0x00000000eb600000,0x00000000eb600000,0x00000000ec500000)
 ParOldGen       total 101376K, used 35795K [0x00000000a0000000, 0x00000000a6300000, 0x00000000e0000000)
  object space 101376K, 35% used [0x00000000a0000000,0x00000000a22f4f58,0x00000000a6300000)
 Metaspace       used 55158K, capacity 56802K, committed 56920K, reserved 1097728K
  class space    used 7341K, capacity 7742K, committed 7808K, reserved 1048576K
}

Deoptimization events (10 events):
Event: 52.649 Thread 0x0000000020663800 Uncommon trap: reason=class_check action=maybe_recompile pc=0x0000000005809f04 method=java.lang.AbstractStringBuilder.append(Ljava/lang/CharSequence;II)Ljava/lang/AbstractStringBuilder; @ 18
Event: 52.754 Thread 0x000000001c14d000 Uncommon trap: reason=class_check action=maybe_recompile pc=0x000000000693deec method=com.sun.org.apache.xerces.internal.dom.NamedNodeMapImpl.findNamePoint(Ljava/lang/String;Ljava/lang/String;)I @ 45
Event: 52.754 Thread 0x000000001c14d000 Uncommon trap: reason=class_check action=maybe_recompile pc=0x000000000693deec method=com.sun.org.apache.xerces.internal.dom.NamedNodeMapImpl.findNamePoint(Ljava/lang/String;Ljava/lang/String;)I @ 45
Event: 52.754 Thread 0x000000001c14d000 Uncommon trap: reason=class_check action=maybe_recompile pc=0x000000000693deec method=com.sun.org.apache.xerces.internal.dom.NamedNodeMapImpl.findNamePoint(Ljava/lang/String;Ljava/lang/String;)I @ 45
Event: 52.754 Thread 0x000000001c14d000 Uncommon trap: reason=class_check action=maybe_recompile pc=0x000000000693deec method=com.sun.org.apache.xerces.internal.dom.NamedNodeMapImpl.findNamePoint(Ljava/lang/String;Ljava/lang/String;)I @ 45
Event: 53.018 Thread 0x000000001c14d000 Uncommon trap: reason=unstable_if action=reinterpret pc=0x000000000558adcc method=com.sun.org.apache.xerces.internal.dom.NamedNodeMapImpl.findNamePoint(Ljava/lang/String;I)I @ 69
Event: 53.541 Thread 0x000000001c14e800 Uncommon trap: reason=unstable_if action=reinterpret pc=0x0000000006614a24 method=com.sun.org.apache.xerces.internal.dom.ChildNode.parentNode()Lcom/sun/org/apache/xerces/internal/dom/NodeImpl; @ 4
Event: 53.543 Thread 0x000000001c14e800 Uncommon trap: reason=unstable_if action=reinterpret pc=0x0000000005e18fa0 method=com.sun.org.apache.xerces.internal.dom.NodeImpl.isOwned(Z)V @ 2
Event: 53.543 Thread 0x000000001c14e800 Uncommon trap: reason=unstable_if action=reinterpret pc=0x000000000690b680 method=com.sun.org.apache.xerces.internal.dom.CoreDocumentImpl.setUserData(Lorg/w3c/dom/Node;Ljava/lang/String;Ljava/lang/Object;Lorg/w3c/dom/UserDataHandler;)Ljava/lang/Object; @ 
Event: 53.557 Thread 0x000000001c14e800 Uncommon trap: reason=unstable_if action=reinterpret pc=0x00000000069b0cb4 method=java.io.File.equals(Ljava/lang/Object;)Z @ 1

Classes redefined (0 events):
No events

Internal exceptions (10 events):
Event: 52.558 Thread 0x000000001c14e800 Exception <a 'java/lang/NoSuchMethodError': <clinit>> (0x00000000e197be40) thrown at [D:\src\AOSP-openjdk-cygwin\jdk8u\hotspot\src\share\vm\prims\jni.cpp, line 1613]
Event: 52.559 Thread 0x000000001c14e800 Exception <a 'java/lang/NoSuchMethodError': <clinit>> (0x00000000e19901f0) thrown at [D:\src\AOSP-openjdk-cygwin\jdk8u\hotspot\src\share\vm\prims\jni.cpp, line 1613]
Event: 52.561 Thread 0x000000001c14e800 Exception <a 'java/lang/NoSuchMethodError': <clinit>> (0x00000000e19a9e28) thrown at [D:\src\AOSP-openjdk-cygwin\jdk8u\hotspot\src\share\vm\prims\jni.cpp, line 1613]
Event: 52.561 Thread 0x000000001c14e800 Exception <a 'java/lang/NoSuchMethodError': <clinit>> (0x00000000e19accb8) thrown at [D:\src\AOSP-openjdk-cygwin\jdk8u\hotspot\src\share\vm\prims\jni.cpp, line 1613]
Event: 52.562 Thread 0x000000001c14e800 Exception <a 'java/lang/NoSuchMethodError': <clinit>> (0x00000000e19ba4e8) thrown at [D:\src\AOSP-openjdk-cygwin\jdk8u\hotspot\src\share\vm\prims\jni.cpp, line 1613]
Event: 52.576 Thread 0x000000001c14e800 Implicit null exception at 0x00000000069241ba to 0x0000000006925ecd
Event: 52.579 Thread 0x000000001c14e800 Implicit null exception at 0x000000000692808c to 0x0000000006929ddd
Event: 52.592 Thread 0x000000001c14d000 Implicit null exception at 0x0000000005d73da1 to 0x0000000005d75921
Event: 53.557 Thread 0x000000001c14e800 Implicit null exception at 0x00000000069b05ef to 0x00000000069b0ca1
Event: 53.715 Thread 0x000000001c1eb800 Exception <a 'java/io/FileNotFoundException'> (0x00000000e20174b8) thrown at [D:\src\AOSP-openjdk-cygwin\jdk8u\hotspot\src\share\vm\prims\jni.cpp, line 709]

Events (10 events):
Event: 54.116 loading class sun/awt/windows/WToolkit done
Event: 54.117 loading class sun/misc/SoftCache
Event: 54.117 loading class sun/misc/SoftCache done
Event: 54.117 loading class java/util/logging/Logger$1
Event: 54.134 loading class java/util/logging/Logger$1 done
Event: 54.134 loading class sun/util/logging/resources/logging
Event: 54.135 loading class sun/util/logging/resources/logging done
Event: 54.135 loading class sun/util/logging/resources/logging_es
Event: 54.137 Executing VM operation: RevokeBias
Event: 54.137 Executing VM operation: RevokeBias done


Dynamic libraries:
0x00007ff7ba020000 - 0x00007ff7ba051000 	C:\Program Files\Android\Android Studio\jre\bin\java.exe
0x00007fff36360000 - 0x00007fff36540000 	C:\WINDOWS\SYSTEM32\ntdll.dll
0x00007fff36180000 - 0x00007fff3622e000 	C:\WINDOWS\System32\KERNEL32.DLL
0x00007fff32760000 - 0x00007fff329c6000 	C:\WINDOWS\System32\KERNELBASE.dll
0x00007fff33fe0000 - 0x00007fff34081000 	C:\WINDOWS\System32\ADVAPI32.dll
0x00007fff33840000 - 0x00007fff338dd000 	C:\WINDOWS\System32\msvcrt.dll
0x00007fff35ac0000 - 0x00007fff35b1b000 	C:\WINDOWS\System32\sechost.dll
0x00007fff33d60000 - 0x00007fff33e7f000 	C:\WINDOWS\System32\RPCRT4.dll
0x00007fff33980000 - 0x00007fff33b0f000 	C:\WINDOWS\System32\USER32.dll
0x00007fff32b00000 - 0x00007fff32b20000 	C:\WINDOWS\System32\win32u.dll
0x00007fff362a0000 - 0x00007fff362c8000 	C:\WINDOWS\System32\GDI32.dll
0x00007fff335a0000 - 0x00007fff33733000 	C:\WINDOWS\System32\gdi32full.dll
0x00007fff33740000 - 0x00007fff337db000 	C:\WINDOWS\System32\msvcp_win.dll
0x00007fff32d50000 - 0x00007fff32e46000 	C:\WINDOWS\System32\ucrtbase.dll
0x00007fff282b0000 - 0x00007fff28519000 	C:\WINDOWS\WinSxS\amd64_microsoft.windows.common-controls_6595b64144ccf1df_6.0.16299.371_none_15c7d1789365a290\COMCTL32.dll
0x00007fff35b20000 - 0x00007fff35e28000 	C:\WINDOWS\System32\combase.dll
0x00007fff329d0000 - 0x00007fff32a42000 	C:\WINDOWS\System32\bcryptPrimitives.dll
0x00007fff33e80000 - 0x00007fff33ead000 	C:\WINDOWS\System32\IMM32.DLL
0x00007fff317e0000 - 0x00007fff31811000 	C:\WINDOWS\SYSTEM32\ntmarta.dll
0x00007fff325b0000 - 0x00007fff325e0000 	C:\WINDOWS\SYSTEM32\SspiCli.dll
0x000000006eca0000 - 0x000000006ed72000 	C:\Program Files\Android\Android Studio\jre\jre\bin\msvcr100.dll
0x000000006f0a0000 - 0x000000006f8de000 	C:\Program Files\Android\Android Studio\jre\jre\bin\server\jvm.dll
0x00007fff33830000 - 0x00007fff33838000 	C:\WINDOWS\System32\PSAPI.DLL
0x00007fff2c760000 - 0x00007fff2c76a000 	C:\WINDOWS\SYSTEM32\VERSION.dll
0x00007fff2f6b0000 - 0x00007fff2f6d3000 	C:\WINDOWS\SYSTEM32\WINMM.dll
0x00007fff145b0000 - 0x00007fff145b9000 	C:\WINDOWS\SYSTEM32\WSOCK32.dll
0x00007fff36230000 - 0x00007fff3629c000 	C:\WINDOWS\System32\WS2_32.dll
0x00007fff2f650000 - 0x00007fff2f67a000 	C:\WINDOWS\SYSTEM32\winmmbase.dll
0x00007fff337e0000 - 0x00007fff3382a000 	C:\WINDOWS\System32\cfgmgr32.dll
0x00007fff145a0000 - 0x00007fff145af000 	C:\Program Files\Android\Android Studio\jre\jre\bin\verify.dll
0x00007fff140f0000 - 0x00007fff14119000 	C:\Program Files\Android\Android Studio\jre\jre\bin\java.dll
0x00007fff14580000 - 0x00007fff14596000 	C:\Program Files\Android\Android Studio\jre\jre\bin\zip.dll
0x00007fff34680000 - 0x00007fff35ab6000 	C:\WINDOWS\System32\SHELL32.dll
0x00007fff35e30000 - 0x00007fff35ed6000 	C:\WINDOWS\System32\shcore.dll
0x00007fff32e50000 - 0x00007fff33597000 	C:\WINDOWS\System32\windows.storage.dll
0x00007fff362d0000 - 0x00007fff36321000 	C:\WINDOWS\System32\shlwapi.dll
0x00007fff32720000 - 0x00007fff32731000 	C:\WINDOWS\System32\kernel.appcore.dll
0x00007fff326d0000 - 0x00007fff3271c000 	C:\WINDOWS\System32\powrprof.dll
0x00007fff326b0000 - 0x00007fff326cb000 	C:\WINDOWS\System32\profapi.dll
0x00007fff140d0000 - 0x00007fff140ea000 	C:\Program Files\Android\Android Studio\jre\jre\bin\net.dll
0x00007fff31f40000 - 0x00007fff31fa6000 	C:\WINDOWS\system32\mswsock.dll
0x00007fff140b0000 - 0x00007fff140c1000 	C:\Program Files\Android\Android Studio\jre\jre\bin\nio.dll
0x00007fff27120000 - 0x00007fff2713e000 	C:\Users\Jon_Acha\.gradle\native\25\windows-amd64\native-platform.dll
0x00007fff221f0000 - 0x00007fff221fd000 	C:\Program Files\Android\Android Studio\jre\jre\bin\management.dll
0x00007fff32100000 - 0x00007fff32117000 	C:\WINDOWS\SYSTEM32\CRYPTSP.dll
0x00007fff31b40000 - 0x00007fff31b73000 	C:\WINDOWS\system32\rsaenh.dll
0x00007fff32210000 - 0x00007fff32235000 	C:\WINDOWS\SYSTEM32\bcrypt.dll
0x00007fff325e0000 - 0x00007fff32609000 	C:\WINDOWS\SYSTEM32\USERENV.dll
0x00007fff32120000 - 0x00007fff3212b000 	C:\WINDOWS\SYSTEM32\CRYPTBASE.dll
0x00007fff31cd0000 - 0x00007fff31d09000 	C:\WINDOWS\SYSTEM32\IPHLPAPI.DLL
0x00007fff35ee0000 - 0x00007fff35ee8000 	C:\WINDOWS\System32\NSI.dll
0x00007fff280a0000 - 0x00007fff280b6000 	C:\WINDOWS\SYSTEM32\dhcpcsvc6.DLL
0x00007fff28970000 - 0x00007fff2898a000 	C:\WINDOWS\SYSTEM32\dhcpcsvc.DLL
0x00007fff20fb0000 - 0x00007fff21145000 	C:\Program Files\Android\Android Studio\jre\jre\bin\awt.dll
0x00007fff33c80000 - 0x00007fff33d45000 	C:\WINDOWS\System32\OLEAUT32.dll
0x00007fff2fae0000 - 0x00007fff30098000 	C:\WINDOWS\SYSTEM32\d2d1.dll
0x00007fff32b80000 - 0x00007fff32d4e000 	C:\WINDOWS\System32\CRYPT32.dll
0x00007fff32740000 - 0x00007fff32752000 	C:\WINDOWS\System32\MSASN1.dll
0x00007fff30ae0000 - 0x00007fff30b68000 	C:\WINDOWS\SYSTEM32\apphelp.dll

VM Arguments:
jvm_args: -Xmx1536m -Dfile.encoding=windows-1252 -Duser.country=ES -Duser.language=es -Duser.variant 
java_command: org.gradle.launcher.daemon.bootstrap.GradleDaemon 4.1
java_class_path (initial): C:\Users\Jon_Acha\.gradle\wrapper\dists\gradle-4.1-all\bzyivzo6n839fup2jbap0tjew\gradle-4.1\lib\gradle-launcher-4.1.jar
Launcher Type: SUN_STANDARD

Environment Variables:
JAVA_HOME=C:\Program Files\Java\jdk1.8.0_121
PATH=C:\ProgramData\Oracle\Java\javapath;C:\Program Files\Microsoft MPI\Bin\;C:\Windows\system32;C:\Windows;C:\Windows\System32\Wbem;C:\Windows\System32\WindowsPowerShell\v1.0\;C:\Program Files (x86)\NVIDIA Corporation\PhysX\Common;C:\Program Files (x86)\Windows Live\Shared;C:\Program Files\MySQL\MySQL Utilities 1.6\;C:\Program Files\nodejs\;C:\Program Files\Git\cmd;C:\Program Files\Java\jdk1.8.0_121/bin;C:\Users\Jon_Acha\AppData\Local\Android\sdk\platform-tools;C:\php;C:\Apache24;C:\Apache24\bin;C:\Program Files (x86)\Microsoft SQL Server\130\Tools\Binn\;C:\Program Files\Microsoft SQL Server\130\Tools\Binn\;C:\Program Files (x86)\Microsoft SQL Server\130\DTS\Binn\;C:\Program Files\Microsoft SQL Server\130\DTS\Binn\;C:\Program Files\Microsoft SQL Server\Client SDK\ODBC\130\Tools\Binn\;C:\Program Files (x86)\Microsoft SQL Server\Client SDK\ODBC\130\Tools\Binn\;C:\Program Files (x86)\Microsoft SQL Server\130\Tools\Binn\ManagementStudio\;C:\Program Files\MiKTeX 2.9\miktex\bin\x64\;C:\Program Files (x86)\Skype\Phone\;C:\Program Files\PuTTY\;C:\WINDOWS\system32;C:\WINDOWS;C:\WINDOWS\System32\Wbem;C:\WINDOWS\System32\WindowsPowerShell\v1.0\;C:\Program Files\Java\jdk1.8.0_121\bin;C:\Program Files\Apache Software Foundation\apache-maven-3.5.0\bin;%PY_HOME%;C:\Program Files (x86)\GtkSharp\2.12\bin;C:\Users\Jon_Acha\AppData\Local\Programs\Python\Python36-32\Scripts\;C:\Users\Jon_Acha\AppData\Local\Programs\Python\Python36-32\;C:\Users\Jon_Acha\AppData\Local\Microsoft\WindowsApps;C:\Users\Jon_Acha\AppData\Roaming\npm;C:\Program Files\MongoDB\Server\3.4\bin;C:\Program Files\Heroku\bin;
USERNAME=Jon_Acha
OS=Windows_NT
PROCESSOR_IDENTIFIER=Intel64 Family 6 Model 69 Stepping 1, GenuineIntel



---------------  S Y S T E M  ---------------

OS: Windows 10.0 , 64 bit Build 16299 (10.0.16299.15)

CPU:total 4 (initial active 4) (2 cores per cpu, 2 threads per core) family 6 model 69 stepping 1, cmov, cx8, fxsr, mmx, sse, sse2, sse3, ssse3, sse4.1, sse4.2, popcnt, avx, avx2, aes, clmul, erms, lzcnt, ht, tsc, tscinvbit, bmi1, bmi2

Memory: 4k page, physical 8287332k(1172780k free), swap 8287332k(6216k free)

vm_info: OpenJDK 64-Bit Server VM (25.152-b01) for windows-amd64 JRE (1.8.0_152-release-915-b01), built by "builder" with MS VC++ 10.0 (VS2010)

time: Mon Apr 30 20:58:35 2018
elapsed time: 54 seconds (0d 0h 0m 54s)

