#
# There is insufficient memory for the Java Runtime Environment to continue.
# Native memory allocation (malloc) failed to allocate 32744 bytes for ChunkPool::allocate
# Possible reasons:
#   The system is out of physical RAM or swap space
#   In 32 bit mode, the process size limit was hit
# Possible solutions:
#   Reduce memory load on the system
#   Increase physical memory or swap space
#   Check if swap backing store is full
#   Use 64 bit Java on a 64 bit OS
#   Decrease Java heap size (-Xmx/-Xms)
#   Decrease number of Java threads
#   Decrease Java thread stack sizes (-Xss)
#   Set larger code cache with -XX:ReservedCodeCacheSize=
# This output file may be truncated or incomplete.
#
#  Out of Memory Error (allocation.cpp:273), pid=7940, tid=0x0000000000002aa0
#
# JRE version: OpenJDK Runtime Environment (8.0_152-b01) (build 1.8.0_152-release-915-b01)
# Java VM: OpenJDK 64-Bit Server VM (25.152-b01 mixed mode windows-amd64 compressed oops)
# Failed to write core dump. Minidumps are not enabled by default on client versions of Windows
#

---------------  T H R E A D  ---------------

Current thread (0x0000000017fbb800):  JavaThread "C2 CompilerThread1" daemon [_thread_in_native, id=10912, stack(0x00000000196c0000,0x00000000197c0000)]

Stack: [0x00000000196c0000,0x00000000197c0000]
[error occurred during error reporting (printing stack bounds), id 0xc0000005]

Native frames: (J=compiled Java code, j=interpreted, Vv=VM code, C=native code)


Current CompileTask:
C2:  33019 6676       4       org.gradle.model.internal.type.ModelType::wrap (219 bytes)


---------------  P R O C E S S  ---------------

Java Threads: ( => current thread )
  0x000000001d7f8800 JavaThread "Memory manager" [_thread_blocked, id=8736, stack(0x0000000021620000,0x0000000021720000)]
  0x000000001d7f9000 JavaThread "build operations Thread 4" [_thread_blocked, id=5444, stack(0x0000000020c20000,0x0000000020d20000)]
  0x000000001d7f5800 JavaThread "build operations Thread 3" [_thread_blocked, id=8904, stack(0x0000000020b20000,0x0000000020c20000)]
  0x000000001d7f4800 JavaThread "build operations Thread 2" [_thread_blocked, id=8300, stack(0x0000000020a20000,0x0000000020b20000)]
  0x000000001d7f7000 JavaThread "build operations" [_thread_blocked, id=108, stack(0x000000001eed0000,0x000000001efd0000)]
  0x000000001d7fa800 JavaThread "Cache worker for Artifact transforms cache (C:\Users\Jon_Acha\.gradle\caches\transforms-1)" [_thread_blocked, id=9388, stack(0x000000001ebd0000,0x000000001ecd0000)]
  0x000000001cc91000 JavaThread "Cache worker for file hash cache (C:\Users\Jon_Acha\AndroidStudioProjects\Wake_Up\.gradle\4.1\fileHashes)" [_thread_blocked, id=6068, stack(0x000000001db00000,0x000000001dc00000)]
  0x000000001af9e000 JavaThread "File lock request listener" [_thread_in_native, id=8564, stack(0x000000001ca30000,0x000000001cb30000)]
  0x000000001b023800 JavaThread "Cache worker for file hash cache (C:\Users\Jon_Acha\.gradle\caches\4.1\fileHashes)" [_thread_blocked, id=5404, stack(0x000000001c730000,0x000000001c830000)]
  0x000000001aeaf800 JavaThread "Stdin handler" [_thread_blocked, id=10736, stack(0x000000001c630000,0x000000001c730000)]
  0x000000001aec0000 JavaThread "Asynchronous log dispatcher for DefaultDaemonConnection: socket connection from /127.0.0.1:51031 to /127.0.0.1:51032" [_thread_blocked, id=9132, stack(0x000000001c530000,0x000000001c630000)]
  0x000000001aeb9000 JavaThread "Daemon worker" [_thread_in_vm, id=5232, stack(0x000000001c430000,0x000000001c530000)]
  0x000000001adfe000 JavaThread "Cancel handler" [_thread_blocked, id=5652, stack(0x000000001c330000,0x000000001c430000)]
  0x000000001ad56800 JavaThread "Handler for socket connection from /127.0.0.1:51031 to /127.0.0.1:51032" [_thread_in_native, id=4484, stack(0x000000001c030000,0x000000001c130000)]
  0x000000001adae800 JavaThread "Daemon" [_thread_blocked, id=6040, stack(0x000000001bf30000,0x000000001c030000)]
  0x000000001ad2b000 JavaThread "Daemon periodic checks" [_thread_blocked, id=6740, stack(0x000000001be30000,0x000000001bf30000)]
  0x000000001ad26000 JavaThread "Incoming local TCP Connector on port 51031" [_thread_in_native, id=6184, stack(0x000000001bbd0000,0x000000001bcd0000)]
  0x00000000197c5800 JavaThread "Service Thread" daemon [_thread_blocked, id=7208, stack(0x0000000019cc0000,0x0000000019dc0000)]
  0x0000000017fbe800 JavaThread "C1 CompilerThread2" daemon [_thread_blocked, id=372, stack(0x0000000019bc0000,0x0000000019cc0000)]
=>0x0000000017fbb800 JavaThread "C2 CompilerThread1" daemon [_thread_in_native, id=10912, stack(0x00000000196c0000,0x00000000197c0000)]
  0x0000000017f5f000 JavaThread "C2 CompilerThread0" daemon [_thread_in_native, id=4644, stack(0x00000000195c0000,0x00000000196c0000)]
  0x0000000017f5b800 JavaThread "Attach Listener" daemon [_thread_blocked, id=6744, stack(0x00000000194c0000,0x00000000195c0000)]
  0x0000000017f5a800 JavaThread "Signal Dispatcher" daemon [_thread_blocked, id=3984, stack(0x00000000193c0000,0x00000000194c0000)]
  0x0000000017f48800 JavaThread "Finalizer" daemon [_thread_blocked, id=3416, stack(0x00000000191b0000,0x00000000192b0000)]
  0x00000000045e1800 JavaThread "Reference Handler" daemon [_thread_blocked, id=7396, stack(0x00000000190b0000,0x00000000191b0000)]
  0x00000000044f2800 JavaThread "main" [_thread_blocked, id=2252, stack(0x0000000004350000,0x0000000004450000)]

Other Threads:
  0x0000000017f26000 VMThread [stack: 0x0000000018fb0000,0x00000000190b0000] [id=8724]
  0x00000000197c9000 WatcherThread [stack: 0x0000000019dc0000,0x0000000019ec0000] [id=10508]

VM state:not at safepoint (normal execution)

VM Mutex/Monitor currently owned by a thread: None

Heap:
 PSYoungGen      total 189440K, used 69934K [0x00000000e0000000, 0x00000000eca00000, 0x0000000100000000)
  eden space 175616K, 31% used [0x00000000e0000000,0x00000000e36cc640,0x00000000eab80000)
  from space 13824K, 99% used [0x00000000eaf00000,0x00000000ebc7f4e0,0x00000000ebc80000)
  to   space 12288K, 0% used [0x00000000ebe00000,0x00000000ebe00000,0x00000000eca00000)
 ParOldGen       total 82944K, used 24892K [0x00000000a0000000, 0x00000000a5100000, 0x00000000e0000000)
  object space 82944K, 30% used [0x00000000a0000000,0x00000000a184f068,0x00000000a5100000)
 Metaspace       used 53655K, capacity 55522K, committed 55680K, reserved 1097728K
  class space    used 7275K, capacity 7774K, committed 7808K, reserved 1048576K

Card table byte_map: [0x00000000139b0000,0x0000000013cc0000] byte_map_base: 0x00000000134b0000

Marking Bits: (ParMarkBitMap*) 0x0000000052373950
 Begin Bits: [0x00000000142c0000, 0x0000000015ac0000)
 End Bits:   [0x0000000015ac0000, 0x00000000172c0000)

Polling page: 0x0000000002a40000

CodeCache: size=245760Kb used=21426Kb max_used=21426Kb free=224333Kb
 bounds [0x00000000045f0000, 0x0000000005b00000, 0x00000000135f0000]
 total_blobs=6764 nmethods=6011 adapters=666
 compilation: enabled

Compilation events (10 events):
Event: 32.949 Thread 0x0000000017fbe800 6731       3       org.codehaus.groovy.runtime.MetaClassHelper::sameClasses (48 bytes)
Event: 32.950 Thread 0x0000000017fbe800 nmethod 6731 0x0000000005ae9650 code [0x0000000005ae9800, 0x0000000005ae9ee8]
Event: 32.950 Thread 0x0000000017fbe800 6732       1       org.gradle.api.internal.project.DefaultProject::getAsDynamicObject (5 bytes)
Event: 32.950 Thread 0x0000000017fbe800 nmethod 6732 0x0000000004ff4190 code [0x0000000004ff42e0, 0x0000000004ff43f0]
Event: 32.951 Thread 0x0000000017fbe800 6733       3       org.codehaus.groovy.runtime.ArrayUtil::createArray (9 bytes)
Event: 32.951 Thread 0x0000000017fbe800 nmethod 6733 0x0000000005aea150 code [0x0000000005aea2c0, 0x0000000005aea5b0]
Event: 32.958 Thread 0x0000000017fbe800 6734       3       org.codehaus.groovy.runtime.InvokerHelper::getMetaClass (28 bytes)
Event: 32.960 Thread 0x0000000017fbe800 nmethod 6734 0x0000000005aea690 code [0x0000000005aea920, 0x0000000005aebdf8]
Event: 32.960 Thread 0x0000000017fbe800 6735       3       org.gradle.model.internal.type.ModelType::of (9 bytes)
Event: 32.960 Thread 0x0000000017fbe800 nmethod 6735 0x0000000005aecad0 code [0x0000000005aecc60, 0x0000000005aed028]

GC Heap History (10 events):
Event: 16.655 GC heap before
{Heap before GC invocations=7 (full 1):
 PSYoungGen      total 71680K, used 71655K [0x00000000e0000000, 0x00000000e8100000, 0x0000000100000000)
  eden space 66560K, 100% used [0x00000000e0000000,0x00000000e4100000,0x00000000e4100000)
  from space 5120K, 99% used [0x00000000e4100000,0x00000000e45f9e68,0x00000000e4600000)
  to   space 9728K, 0% used [0x00000000e7780000,0x00000000e7780000,0x00000000e8100000)
 ParOldGen       total 56320K, used 10403K [0x00000000a0000000, 0x00000000a3700000, 0x00000000e0000000)
  object space 56320K, 18% used [0x00000000a0000000,0x00000000a0a28ee8,0x00000000a3700000)
 Metaspace       used 31216K, capacity 31862K, committed 32000K, reserved 1077248K
  class space    used 4305K, capacity 4584K, committed 4608K, reserved 1048576K
Event: 16.685 GC heap after
Heap after GC invocations=7 (full 1):
 PSYoungGen      total 120832K, used 9715K [0x00000000e0000000, 0x00000000e8380000, 0x0000000100000000)
  eden space 111104K, 0% used [0x00000000e0000000,0x00000000e0000000,0x00000000e6c80000)
  from space 9728K, 99% used [0x00000000e7780000,0x00000000e80fcff0,0x00000000e8100000)
  to   space 11264K, 0% used [0x00000000e6c80000,0x00000000e6c80000,0x00000000e7780000)
 ParOldGen       total 56320K, used 10565K [0x00000000a0000000, 0x00000000a3700000, 0x00000000e0000000)
  object space 56320K, 18% used [0x00000000a0000000,0x00000000a0a51528,0x00000000a3700000)
 Metaspace       used 31216K, capacity 31862K, committed 32000K, reserved 1077248K
  class space    used 4305K, capacity 4584K, committed 4608K, reserved 1048576K
}
Event: 19.178 GC heap before
{Heap before GC invocations=8 (full 1):
 PSYoungGen      total 120832K, used 78684K [0x00000000e0000000, 0x00000000e8380000, 0x0000000100000000)
  eden space 111104K, 62% used [0x00000000e0000000,0x00000000e435a338,0x00000000e6c80000)
  from space 9728K, 99% used [0x00000000e7780000,0x00000000e80fcff0,0x00000000e8100000)
  to   space 11264K, 0% used [0x00000000e6c80000,0x00000000e6c80000,0x00000000e7780000)
 ParOldGen       total 56320K, used 10565K [0x00000000a0000000, 0x00000000a3700000, 0x00000000e0000000)
  object space 56320K, 18% used [0x00000000a0000000,0x00000000a0a51528,0x00000000a3700000)
 Metaspace       used 34449K, capacity 35284K, committed 35416K, reserved 1079296K
  class space    used 4686K, capacity 5006K, committed 5120K, reserved 1048576K
Event: 19.191 GC heap after
Heap after GC invocations=8 (full 1):
 PSYoungGen      total 122368K, used 10356K [0x00000000e0000000, 0x00000000eca00000, 0x0000000100000000)
  eden space 111104K, 0% used [0x00000000e0000000,0x00000000e0000000,0x00000000e6c80000)
  from space 11264K, 91% used [0x00000000e6c80000,0x00000000e769d3c0,0x00000000e7780000)
  to   space 12288K, 0% used [0x00000000ebe00000,0x00000000ebe00000,0x00000000eca00000)
 ParOldGen       total 56320K, used 10637K [0x00000000a0000000, 0x00000000a3700000, 0x00000000e0000000)
  object space 56320K, 18% used [0x00000000a0000000,0x00000000a0a63538,0x00000000a3700000)
 Metaspace       used 34449K, capacity 35284K, committed 35416K, reserved 1079296K
  class space    used 4686K, capacity 5006K, committed 5120K, reserved 1048576K
}
Event: 19.191 GC heap before
{Heap before GC invocations=9 (full 2):
 PSYoungGen      total 122368K, used 10356K [0x00000000e0000000, 0x00000000eca00000, 0x0000000100000000)
  eden space 111104K, 0% used [0x00000000e0000000,0x00000000e0000000,0x00000000e6c80000)
  from space 11264K, 91% used [0x00000000e6c80000,0x00000000e769d3c0,0x00000000e7780000)
  to   space 12288K, 0% used [0x00000000ebe00000,0x00000000ebe00000,0x00000000eca00000)
 ParOldGen       total 56320K, used 10637K [0x00000000a0000000, 0x00000000a3700000, 0x00000000e0000000)
  object space 56320K, 18% used [0x00000000a0000000,0x00000000a0a63538,0x00000000a3700000)
 Metaspace       used 34449K, capacity 35284K, committed 35416K, reserved 1079296K
  class space    used 4686K, capacity 5006K, committed 5120K, reserved 1048576K
Event: 19.287 GC heap after
Heap after GC invocations=9 (full 2):
 PSYoungGen      total 122368K, used 0K [0x00000000e0000000, 0x00000000eca00000, 0x0000000100000000)
  eden space 111104K, 0% used [0x00000000e0000000,0x00000000e0000000,0x00000000e6c80000)
  from space 11264K, 0% used [0x00000000e6c80000,0x00000000e6c80000,0x00000000e7780000)
  to   space 12288K, 0% used [0x00000000ebe00000,0x00000000ebe00000,0x00000000eca00000)
 ParOldGen       total 82944K, used 16365K [0x00000000a0000000, 0x00000000a5100000, 0x00000000e0000000)
  object space 82944K, 19% used [0x00000000a0000000,0x00000000a0ffb6c8,0x00000000a5100000)
 Metaspace       used 34449K, capacity 35284K, committed 35416K, reserved 1079296K
  class space    used 4686K, capacity 5006K, committed 5120K, reserved 1048576K
}
Event: 22.421 GC heap before
{Heap before GC invocations=10 (full 2):
 PSYoungGen      total 122368K, used 111104K [0x00000000e0000000, 0x00000000eca00000, 0x0000000100000000)
  eden space 111104K, 100% used [0x00000000e0000000,0x00000000e6c80000,0x00000000e6c80000)
  from space 11264K, 0% used [0x00000000e6c80000,0x00000000e6c80000,0x00000000e7780000)
  to   space 12288K, 0% used [0x00000000ebe00000,0x00000000ebe00000,0x00000000eca00000)
 ParOldGen       total 82944K, used 16365K [0x00000000a0000000, 0x00000000a5100000, 0x00000000e0000000)
  object space 82944K, 19% used [0x00000000a0000000,0x00000000a0ffb6c8,0x00000000a5100000)
 Metaspace       used 42191K, capacity 43236K, committed 43520K, reserved 1087488K
  class space    used 5643K, capacity 6022K, committed 6144K, reserved 1048576K
Event: 22.483 GC heap after
Heap after GC invocations=10 (full 2):
 PSYoungGen      total 187904K, used 12268K [0x00000000e0000000, 0x00000000eca00000, 0x0000000100000000)
  eden space 175616K, 0% used [0x00000000e0000000,0x00000000e0000000,0x00000000eab80000)
  from space 12288K, 99% used [0x00000000ebe00000,0x00000000ec9fb290,0x00000000eca00000)
  to   space 13824K, 0% used [0x00000000eaf00000,0x00000000eaf00000,0x00000000ebc80000)
 ParOldGen       total 82944K, used 16704K [0x00000000a0000000, 0x00000000a5100000, 0x00000000e0000000)
  object space 82944K, 20% used [0x00000000a0000000,0x00000000a1050390,0x00000000a5100000)
 Metaspace       used 42191K, capacity 43236K, committed 43520K, reserved 1087488K
  class space    used 5643K, capacity 6022K, committed 6144K, reserved 1048576K
}
Event: 31.620 GC heap before
{Heap before GC invocations=11 (full 2):
 PSYoungGen      total 187904K, used 187884K [0x00000000e0000000, 0x00000000eca00000, 0x0000000100000000)
  eden space 175616K, 100% used [0x00000000e0000000,0x00000000eab80000,0x00000000eab80000)
  from space 12288K, 99% used [0x00000000ebe00000,0x00000000ec9fb290,0x00000000eca00000)
  to   space 13824K, 0% used [0x00000000eaf00000,0x00000000eaf00000,0x00000000ebc80000)
 ParOldGen       total 82944K, used 16704K [0x00000000a0000000, 0x00000000a5100000, 0x00000000e0000000)
  object space 82944K, 20% used [0x00000000a0000000,0x00000000a1050390,0x00000000a5100000)
 Metaspace       used 53235K, capacity 55050K, committed 55168K, reserved 1097728K
  class space    used 7238K, capacity 7738K, committed 7808K, reserved 1048576K
Event: 31.723 GC heap after
Heap after GC invocations=11 (full 2):
 PSYoungGen      total 189440K, used 13821K [0x00000000e0000000, 0x00000000eca00000, 0x0000000100000000)
  eden space 175616K, 0% used [0x00000000e0000000,0x00000000e0000000,0x00000000eab80000)
  from space 13824K, 99% used [0x00000000eaf00000,0x00000000ebc7f4e0,0x00000000ebc80000)
  to   space 12288K, 0% used [0x00000000ebe00000,0x00000000ebe00000,0x00000000eca00000)
 ParOldGen       total 82944K, used 24892K [0x00000000a0000000, 0x00000000a5100000, 0x00000000e0000000)
  object space 82944K, 30% used [0x00000000a0000000,0x00000000a184f068,0x00000000a5100000)
 Metaspace       used 53235K, capacity 55050K, committed 55168K, reserved 1097728K
  class space    used 7238K, capacity 7738K, committed 7808K, reserved 1048576K
}

Deoptimization events (10 events):
Event: 32.040 Thread 0x000000001aeb9000 Uncommon trap: reason=unstable_if action=reinterpret pc=0x0000000004d83474 method=groovy.lang.MetaClassImpl.checkIfStdMethod(Lgroovy/lang/MetaMethod;)V @ 167
Event: 32.051 Thread 0x000000001aeb9000 Uncommon trap: reason=class_check action=maybe_recompile pc=0x0000000004c169d4 method=groovy.lang.MetaMethod.isStatic()Z @ 1
Event: 32.051 Thread 0x000000001aeb9000 Uncommon trap: reason=class_check action=maybe_recompile pc=0x0000000004c169d4 method=groovy.lang.MetaMethod.isStatic()Z @ 1
Event: 32.051 Thread 0x000000001aeb9000 Uncommon trap: reason=class_check action=maybe_recompile pc=0x0000000004c169d4 method=groovy.lang.MetaMethod.isStatic()Z @ 1
Event: 32.051 Thread 0x000000001aeb9000 Uncommon trap: reason=class_check action=maybe_recompile pc=0x0000000004c169d4 method=groovy.lang.MetaMethod.isStatic()Z @ 1
Event: 32.225 Thread 0x000000001aeb9000 Uncommon trap: reason=predicate action=maybe_recompile pc=0x0000000005544838 method=java.util.AbstractCollection.toArray([Ljava/lang/Object;)[Ljava/lang/Object; @ 49
Event: 32.273 Thread 0x000000001aeb9000 Uncommon trap: reason=array_check action=maybe_recompile pc=0x00000000053ca9b0 method=java.util.AbstractCollection.toArray([Ljava/lang/Object;)[Ljava/lang/Object; @ 119
Event: 32.274 Thread 0x000000001aeb9000 Uncommon trap: reason=array_check action=maybe_recompile pc=0x00000000053ca9b0 method=java.util.AbstractCollection.toArray([Ljava/lang/Object;)[Ljava/lang/Object; @ 119
Event: 32.314 Thread 0x000000001aeb9000 Uncommon trap: reason=array_check action=maybe_recompile pc=0x00000000053ca9b0 method=java.util.AbstractCollection.toArray([Ljava/lang/Object;)[Ljava/lang/Object; @ 119
Event: 32.315 Thread 0x000000001aeb9000 Uncommon trap: reason=array_check action=maybe_recompile pc=0x00000000053ca9b0 method=java.util.AbstractCollection.toArray([Ljava/lang/Object;)[Ljava/lang/Object; @ 119

Classes redefined (0 events):
No events

Internal exceptions (10 events):
Event: 32.939 Thread 0x000000001aeb9000 Exception <a 'java/lang/ClassNotFoundException': com/android/build/gradle/tasks/GenerateBuildConfig_DecoratedCustomizer> (0x00000000e319f3a0) thrown at [D:\src\AOSP-openjdk-cygwin\jdk8u\hotspot\src\share\vm\classfile\systemDictionary.cpp, line 210]
Event: 32.943 Thread 0x000000001aeb9000 Exception <a 'java/lang/ClassNotFoundException': com/android/build/gradle/tasks/GenerateResValues_DecoratedBeanInfo> (0x00000000e322c160) thrown at [D:\src\AOSP-openjdk-cygwin\jdk8u\hotspot\src\share\vm\classfile\systemDictionary.cpp, line 210]
Event: 32.944 Thread 0x000000001aeb9000 Exception <a 'java/lang/ClassNotFoundException': com/android/build/gradle/tasks/GenerateResValuesBeanInfo> (0x00000000e3240a80) thrown at [D:\src\AOSP-openjdk-cygwin\jdk8u\hotspot\src\share\vm\classfile\systemDictionary.cpp, line 210]
Event: 32.945 Thread 0x000000001aeb9000 Exception <a 'java/lang/ClassNotFoundException': com/android/build/gradle/tasks/GenerateResValuesCustomizer> (0x00000000e32555f8) thrown at [D:\src\AOSP-openjdk-cygwin\jdk8u\hotspot\src\share\vm\classfile\systemDictionary.cpp, line 210]
Event: 32.947 Thread 0x000000001aeb9000 Exception <a 'java/lang/ClassNotFoundException': com/android/build/gradle/tasks/GenerateResValues_DecoratedCustomizer> (0x00000000e32845a0) thrown at [D:\src\AOSP-openjdk-cygwin\jdk8u\hotspot\src\share\vm\classfile\systemDictionary.cpp, line 210]
Event: 32.955 Thread 0x000000001aeb9000 Exception <a 'java/lang/ClassNotFoundException': com/android/build/gradle/internal/tasks/InstallVariantTask_DecoratedBeanInfo> (0x00000000e3334e48) thrown at [D:\src\AOSP-openjdk-cygwin\jdk8u\hotspot\src\share\vm\classfile\systemDictionary.cpp, line 210]
Event: 32.956 Thread 0x000000001aeb9000 Exception <a 'java/lang/ClassNotFoundException': com/android/build/gradle/internal/tasks/InstallVariantTaskBeanInfo> (0x00000000e334b238) thrown at [D:\src\AOSP-openjdk-cygwin\jdk8u\hotspot\src\share\vm\classfile\systemDictionary.cpp, line 210]
Event: 32.956 Thread 0x000000001aeb9000 Exception <a 'java/lang/ClassNotFoundException': com/android/build/gradle/internal/tasks/InstallVariantTaskCustomizer> (0x00000000e3362418) thrown at [D:\src\AOSP-openjdk-cygwin\jdk8u\hotspot\src\share\vm\classfile\systemDictionary.cpp, line 210]
Event: 32.957 Thread 0x000000001aeb9000 Exception <a 'java/lang/ClassNotFoundException': com/android/build/gradle/internal/tasks/InstallVariantTask_DecoratedCustomizer> (0x00000000e33a1458) thrown at [D:\src\AOSP-openjdk-cygwin\jdk8u\hotspot\src\share\vm\classfile\systemDictionary.cpp, line 210
Event: 32.963 Thread 0x000000001aeb9000 Exception <a 'java/lang/ClassNotFoundException': com/android/build/gradle/tasks/JavaPreCompileTask_DecoratedBeanInfo> (0x00000000e34389c8) thrown at [D:\src\AOSP-openjdk-cygwin\jdk8u\hotspot\src\share\vm\classfile\systemDictionary.cpp, line 210]

Events (10 events):
Event: 32.963 loading class com/android/build/gradle/tasks/JavaPreCompileTask_DecoratedBeanInfo
Event: 32.963 loading class com/android/build/gradle/tasks/JavaPreCompileTask_DecoratedBeanInfo done
Event: 32.963 loading class com/android/build/gradle/tasks/JavaPreCompileTask_DecoratedBeanInfo
Event: 32.963 loading class com/android/build/gradle/tasks/JavaPreCompileTask_DecoratedBeanInfo done
Event: 32.963 loading class com/android/build/gradle/tasks/JavaPreCompileTask_DecoratedBeanInfo
Event: 32.963 loading class com/android/build/gradle/tasks/JavaPreCompileTask_DecoratedBeanInfo done
Event: 32.964 loading class com/android/build/gradle/tasks/JavaPreCompileTaskBeanInfo
Event: 32.964 loading class com/android/build/gradle/tasks/JavaPreCompileTaskBeanInfo done
Event: 32.964 loading class com/android/build/gradle/tasks/JavaPreCompileTaskBeanInfo
Event: 32.964 loading class com/android/build/gradle/tasks/JavaPreCompileTaskBeanInfo done


Dynamic libraries:
0x00007ff675ce0000 - 0x00007ff675d11000 	C:\Program Files\Android\Android Studio\jre\bin\java.exe
0x00007ffc49a40000 - 0x00007ffc49c20000 	C:\WINDOWS\SYSTEM32\ntdll.dll
0x00007ffc0cb40000 - 0x00007ffc0cb74000 	C:\Program Files\AVAST Software\Avast\x64\aswhooka.dll
0x00007ffc498c0000 - 0x00007ffc4996e000 	C:\WINDOWS\System32\KERNEL32.DLL
0x00007ffc461e0000 - 0x00007ffc46446000 	C:\WINDOWS\System32\KERNELBASE.dll
0x00007ffc48370000 - 0x00007ffc48411000 	C:\WINDOWS\System32\ADVAPI32.dll
0x00007ffc47180000 - 0x00007ffc4721d000 	C:\WINDOWS\System32\msvcrt.dll
0x00007ffc46f40000 - 0x00007ffc46f9b000 	C:\WINDOWS\System32\sechost.dll
0x00007ffc47bc0000 - 0x00007ffc47cdf000 	C:\WINDOWS\System32\RPCRT4.dll
0x00007ffc472d0000 - 0x00007ffc4745f000 	C:\WINDOWS\System32\USER32.dll
0x00007ffc46d50000 - 0x00007ffc46d70000 	C:\WINDOWS\System32\win32u.dll
0x00007ffc47220000 - 0x00007ffc47248000 	C:\WINDOWS\System32\GDI32.dll
0x00007ffc46d70000 - 0x00007ffc46f03000 	C:\WINDOWS\System32\gdi32full.dll
0x00007ffc46450000 - 0x00007ffc464eb000 	C:\WINDOWS\System32\msvcp_win.dll
0x00007ffc46060000 - 0x00007ffc46156000 	C:\WINDOWS\System32\ucrtbase.dll
0x00007ffc37a90000 - 0x00007ffc37cf9000 	C:\WINDOWS\WinSxS\amd64_microsoft.windows.common-controls_6595b64144ccf1df_6.0.16299.371_none_15c7d1789365a290\COMCTL32.dll
0x00007ffc47530000 - 0x00007ffc47838000 	C:\WINDOWS\System32\combase.dll
0x00007ffc46160000 - 0x00007ffc461d2000 	C:\WINDOWS\System32\bcryptPrimitives.dll
0x00007ffc46f10000 - 0x00007ffc46f3d000 	C:\WINDOWS\System32\IMM32.DLL
0x0000000053890000 - 0x0000000053962000 	C:\Program Files\Android\Android Studio\jre\jre\bin\msvcr100.dll
0x0000000051bb0000 - 0x00000000523ee000 	C:\Program Files\Android\Android Studio\jre\jre\bin\server\jvm.dll
0x00007ffc48250000 - 0x00007ffc48258000 	C:\WINDOWS\System32\PSAPI.DLL
0x00007ffc42350000 - 0x00007ffc42359000 	C:\WINDOWS\SYSTEM32\WSOCK32.dll
0x00007ffc47a00000 - 0x00007ffc47a6c000 	C:\WINDOWS\System32\WS2_32.dll
0x00007ffc42d30000 - 0x00007ffc42d53000 	C:\WINDOWS\SYSTEM32\WINMM.dll
0x00007ffc3c6a0000 - 0x00007ffc3c6aa000 	C:\WINDOWS\SYSTEM32\VERSION.dll
0x00007ffc42cd0000 - 0x00007ffc42cfa000 	C:\WINDOWS\SYSTEM32\WINMMBASE.dll
0x00007ffc45e40000 - 0x00007ffc45e8a000 	C:\WINDOWS\System32\cfgmgr32.dll
0x00007ffc42340000 - 0x00007ffc4234f000 	C:\Program Files\Android\Android Studio\jre\jre\bin\verify.dll
0x00007ffc37d00000 - 0x00007ffc37d29000 	C:\Program Files\Android\Android Studio\jre\jre\bin\java.dll
0x00007ffc41340000 - 0x00007ffc41356000 	C:\Program Files\Android\Android Studio\jre\jre\bin\zip.dll
0x00007ffc48420000 - 0x00007ffc49856000 	C:\WINDOWS\System32\SHELL32.dll
0x00007ffc47cf0000 - 0x00007ffc47d96000 	C:\WINDOWS\System32\shcore.dll
0x00007ffc464f0000 - 0x00007ffc46c37000 	C:\WINDOWS\System32\windows.storage.dll
0x00007ffc47da0000 - 0x00007ffc47df1000 	C:\WINDOWS\System32\shlwapi.dll
0x00007ffc45e20000 - 0x00007ffc45e31000 	C:\WINDOWS\System32\kernel.appcore.dll
0x00007ffc45d90000 - 0x00007ffc45ddc000 	C:\WINDOWS\System32\powrprof.dll
0x00007ffc45e00000 - 0x00007ffc45e1b000 	C:\WINDOWS\System32\profapi.dll
0x00007ffc406f0000 - 0x00007ffc4070a000 	C:\Program Files\Android\Android Studio\jre\jre\bin\net.dll
0x00007ffc45620000 - 0x00007ffc45686000 	C:\WINDOWS\system32\mswsock.dll
0x00007ffc3aeb0000 - 0x00007ffc3aec1000 	C:\Program Files\Android\Android Studio\jre\jre\bin\nio.dll
0x00007ffc36f30000 - 0x00007ffc36f4e000 	C:\Users\Jon_Acha\.gradle\native\25\windows-amd64\native-platform.dll
0x00007ffc413f0000 - 0x00007ffc413fd000 	C:\Program Files\Android\Android Studio\jre\jre\bin\management.dll
0x00007ffc457e0000 - 0x00007ffc457f7000 	C:\WINDOWS\SYSTEM32\CRYPTSP.dll
0x00007ffc45220000 - 0x00007ffc45253000 	C:\WINDOWS\system32\rsaenh.dll
0x00007ffc458f0000 - 0x00007ffc45915000 	C:\WINDOWS\SYSTEM32\bcrypt.dll
0x00007ffc45cc0000 - 0x00007ffc45ce9000 	C:\WINDOWS\SYSTEM32\USERENV.dll
0x00007ffc45800000 - 0x00007ffc4580b000 	C:\WINDOWS\SYSTEM32\CRYPTBASE.dll
0x00007ffc453b0000 - 0x00007ffc453e9000 	C:\WINDOWS\SYSTEM32\IPHLPAPI.DLL
0x00007ffc46fa0000 - 0x00007ffc46fa8000 	C:\WINDOWS\System32\NSI.dll
0x00007ffc3e430000 - 0x00007ffc3e446000 	C:\WINDOWS\SYSTEM32\dhcpcsvc6.DLL
0x00007ffc3e410000 - 0x00007ffc3e42a000 	C:\WINDOWS\SYSTEM32\dhcpcsvc.DLL

VM Arguments:
jvm_args: -Xmx1536m -Dfile.encoding=windows-1252 -Duser.country=ES -Duser.language=es -Duser.variant 
java_command: org.gradle.launcher.daemon.bootstrap.GradleDaemon 4.1
java_class_path (initial): C:\Users\Jon_Acha\.gradle\wrapper\dists\gradle-4.1-all\bzyivzo6n839fup2jbap0tjew\gradle-4.1\lib\gradle-launcher-4.1.jar
Launcher Type: SUN_STANDARD

Environment Variables:
JAVA_HOME=C:\Program Files\Java\jdk1.8.0_121
PATH=C:\ProgramData\Oracle\Java\javapath;C:\Program Files\Microsoft MPI\Bin\;C:\Windows\system32;C:\Windows;C:\Windows\System32\Wbem;C:\Windows\System32\WindowsPowerShell\v1.0\;C:\Program Files (x86)\NVIDIA Corporation\PhysX\Common;C:\Program Files (x86)\Windows Live\Shared;C:\Program Files\MySQL\MySQL Utilities 1.6\;C:\Program Files\nodejs\;C:\Program Files\Git\cmd;C:\Program Files\Java\jdk1.8.0_121/bin;C:\Users\Jon_Acha\AppData\Local\Android\sdk\platform-tools;C:\php;C:\Apache24;C:\Apache24\bin;C:\Program Files (x86)\Microsoft SQL Server\130\Tools\Binn\;C:\Program Files\Microsoft SQL Server\130\Tools\Binn\;C:\Program Files (x86)\Microsoft SQL Server\130\DTS\Binn\;C:\Program Files\Microsoft SQL Server\130\DTS\Binn\;C:\Program Files\Microsoft SQL Server\Client SDK\ODBC\130\Tools\Binn\;C:\Program Files (x86)\Microsoft SQL Server\Client SDK\ODBC\130\Tools\Binn\;C:\Program Files (x86)\Microsoft SQL Server\130\Tools\Binn\ManagementStudio\;C:\Program Files\MiKTeX 2.9\miktex\bin\x64\;C:\Program Files (x86)\Skype\Phone\;C:\Program Files\PuTTY\;C:\WINDOWS\system32;C:\WINDOWS;C:\WINDOWS\System32\Wbem;C:\WINDOWS\System32\WindowsPowerShell\v1.0\;C:\Program Files\Java\jdk1.8.0_121\bin;C:\Program Files\Apache Software Foundation\apache-maven-3.5.0\bin;%PY_HOME%;C:\Program Files (x86)\GtkSharp\2.12\bin;C:\Users\Jon_Acha\AppData\Local\Programs\Python\Python36-32\Scripts\;C:\Users\Jon_Acha\AppData\Local\Programs\Python\Python36-32\;C:\Users\Jon_Acha\AppData\Local\Microsoft\WindowsApps;C:\Users\Jon_Acha\AppData\Roaming\npm;C:\Program Files\MongoDB\Server\3.4\bin;C:\Program Files\Heroku\bin;
USERNAME=Jon_Acha
OS=Windows_NT
PROCESSOR_IDENTIFIER=Intel64 Family 6 Model 69 Stepping 1, GenuineIntel



---------------  S Y S T E M  ---------------

OS: Windows 10.0 , 64 bit Build 16299 (10.0.16299.15)

CPU:total 4 (initial active 4) (2 cores per cpu, 2 threads per core) family 6 model 69 stepping 1, cmov, cx8, fxsr, mmx, sse, sse2, sse3, ssse3, sse4.1, sse4.2, popcnt, avx, avx2, aes, clmul, erms, lzcnt, ht, tsc, tscinvbit, bmi1, bmi2

Memory: 4k page, physical 8287332k(1135028k free), swap 8287332k(4452k free)

vm_info: OpenJDK 64-Bit Server VM (25.152-b01) for windows-amd64 JRE (1.8.0_152-release-915-b01), built by "builder" with MS VC++ 10.0 (VS2010)

time: Sat Apr 14 16:32:08 2018
elapsed time: 33 seconds (0d 0h 0m 33s)

