#
# There is insufficient memory for the Java Runtime Environment to continue.
# Native memory allocation (malloc) failed to allocate 884896 bytes for Chunk::new
# Possible reasons:
#   The system is out of physical RAM or swap space
#   In 32 bit mode, the process size limit was hit
# Possible solutions:
#   Reduce memory load on the system
#   Increase physical memory or swap space
#   Check if swap backing store is full
#   Use 64 bit Java on a 64 bit OS
#   Decrease Java heap size (-Xmx/-Xms)
#   Decrease number of Java threads
#   Decrease Java thread stack sizes (-Xss)
#   Set larger code cache with -XX:ReservedCodeCacheSize=
# This output file may be truncated or incomplete.
#
#  Out of Memory Error (allocation.cpp:390), pid=7372, tid=0x0000000000002530
#
# JRE version: OpenJDK Runtime Environment (8.0_152-b01) (build 1.8.0_152-release-915-b01)
# Java VM: OpenJDK 64-Bit Server VM (25.152-b01 mixed mode windows-amd64 compressed oops)
# Failed to write core dump. Minidumps are not enabled by default on client versions of Windows
#

---------------  T H R E A D  ---------------

Current thread (0x0000000018661800):  JavaThread "C2 CompilerThread0" daemon [_thread_in_native, id=9520, stack(0x0000000019cd0000,0x0000000019dd0000)]

Stack: [0x0000000019cd0000,0x0000000019dd0000]
[error occurred during error reporting (printing stack bounds), id 0xc0000005]

Native frames: (J=compiled Java code, j=interpreted, Vv=VM code, C=native code)


Current CompileTask:
C2:  64370 13910       4       org.gradle.model.internal.type.ModelType::wrap (219 bytes)


---------------  P R O C E S S  ---------------

Java Threads: ( => current thread )
  0x000000001a90a000 JavaThread "ForkJoinPool.commonPool-worker-4" daemon [_thread_blocked, id=9084, stack(0x00000000276e0000,0x00000000277e0000)]
  0x000000001a902800 JavaThread "ForkJoinPool.commonPool-worker-0" daemon [_thread_blocked, id=4948, stack(0x00000000275e0000,0x00000000276e0000)]
  0x000000001a903000 JavaThread "ForkJoinPool.commonPool-worker-2" daemon [_thread_blocked, id=4648, stack(0x00000000273e0000,0x00000000274e0000)]
  0x000000001a908800 JavaThread "Cache worker for Java compile cache (C:\Proyecto\Wake_Up\.gradle\4.1\javaCompile)" [_thread_blocked, id=7960, stack(0x00000000271e0000,0x00000000272e0000)]
  0x000000001f66c000 JavaThread "Cache worker for task history cache (C:\Proyecto\Wake_Up\.gradle\4.1\taskHistory)" [_thread_blocked, id=10368, stack(0x0000000024bb0000,0x0000000024cb0000)]
  0x000000001f671000 JavaThread "Cache worker for file content cache (C:\Proyecto\Wake_Up\.gradle\4.1\fileContent)" [_thread_blocked, id=4760, stack(0x0000000024ab0000,0x0000000024bb0000)]
  0x000000001f66f000 JavaThread "Memory manager" [_thread_blocked, id=6944, stack(0x0000000023fb0000,0x00000000240b0000)]
  0x000000001e6fe000 JavaThread "build operations Thread 4" [_thread_blocked, id=11060, stack(0x0000000023630000,0x0000000023730000)]
  0x000000001e6fa000 JavaThread "build operations Thread 3" [_thread_blocked, id=11784, stack(0x0000000023530000,0x0000000023630000)]
  0x000000001e6f9800 JavaThread "build operations Thread 2" [_thread_blocked, id=528, stack(0x0000000023330000,0x0000000023430000)]
  0x000000001e6f8800 JavaThread "build operations" [_thread_blocked, id=2420, stack(0x0000000023230000,0x0000000023330000)]
  0x000000001e6fc800 JavaThread "Cache worker for Artifact transforms cache (C:\Users\Jon_Acha\.gradle\caches\transforms-1)" [_thread_blocked, id=11276, stack(0x000000001f2e0000,0x000000001f3e0000)]
  0x000000001b554800 JavaThread "Cache worker for file hash cache (C:\Proyecto\Wake_Up\.gradle\4.1\fileHashes)" [_thread_blocked, id=7100, stack(0x000000001e210000,0x000000001e310000)]
  0x000000001a87e800 JavaThread "File lock request listener" [_thread_in_native, id=11588, stack(0x000000001d140000,0x000000001d240000)]
  0x000000001a21f000 JavaThread "Cache worker for file hash cache (C:\Users\Jon_Acha\.gradle\caches\4.1\fileHashes)" [_thread_blocked, id=7196, stack(0x000000001ce40000,0x000000001cf40000)]
  0x000000001b28c800 JavaThread "Stdin handler" [_thread_blocked, id=1408, stack(0x000000001cd40000,0x000000001ce40000)]
  0x000000001b286000 JavaThread "Asynchronous log dispatcher for DefaultDaemonConnection: socket connection from /127.0.0.1:53261 to /127.0.0.1:53262" [_thread_blocked, id=11948, stack(0x000000001cc40000,0x000000001cd40000)]
  0x000000001b282000 JavaThread "Daemon worker" [_thread_in_native, id=6468, stack(0x000000001cb40000,0x000000001cc40000)]
  0x000000001b31d800 JavaThread "Cancel handler" [_thread_blocked, id=7720, stack(0x000000001ca40000,0x000000001cb40000)]
  0x000000001b275800 JavaThread "Handler for socket connection from /127.0.0.1:53261 to /127.0.0.1:53262" [_thread_in_native, id=2068, stack(0x000000001c740000,0x000000001c840000)]
  0x000000001b271000 JavaThread "Daemon" [_thread_blocked, id=8384, stack(0x000000001c640000,0x000000001c740000)]
  0x0000000018681800 JavaThread "Daemon periodic checks" [_thread_blocked, id=3852, stack(0x000000001c540000,0x000000001c640000)]
  0x000000001a0c8000 JavaThread "Incoming local TCP Connector on port 53261" [_thread_in_native, id=5212, stack(0x000000001c2e0000,0x000000001c3e0000)]
  0x000000001a000800 JavaThread "Service Thread" daemon [_thread_blocked, id=6976, stack(0x000000001a3d0000,0x000000001a4d0000)]
  0x000000001866b800 JavaThread "C1 CompilerThread2" daemon [_thread_blocked, id=6364, stack(0x0000000019ed0000,0x0000000019fd0000)]
  0x0000000018663800 JavaThread "C2 CompilerThread1" daemon [_thread_in_native, id=4416, stack(0x0000000019dd0000,0x0000000019ed0000)]
=>0x0000000018661800 JavaThread "C2 CompilerThread0" daemon [_thread_in_native, id=9520, stack(0x0000000019cd0000,0x0000000019dd0000)]
  0x000000001865e000 JavaThread "Attach Listener" daemon [_thread_blocked, id=11900, stack(0x0000000019bd0000,0x0000000019cd0000)]
  0x000000001865b000 JavaThread "Signal Dispatcher" daemon [_thread_blocked, id=860, stack(0x0000000019ad0000,0x0000000019bd0000)]
  0x000000001864d800 JavaThread "Finalizer" daemon [_thread_blocked, id=8264, stack(0x00000000198c0000,0x00000000199c0000)]
  0x0000000004ce3000 JavaThread "Reference Handler" daemon [_thread_blocked, id=6376, stack(0x00000000197c0000,0x00000000198c0000)]
  0x0000000004bf2800 JavaThread "main" [_thread_blocked, id=1808, stack(0x0000000004aa0000,0x0000000004ba0000)]

Other Threads:
  0x0000000018626800 VMThread [stack: 0x00000000196c0000,0x00000000197c0000] [id=2308]
  0x000000001a003000 WatcherThread [stack: 0x000000001a4d0000,0x000000001a5d0000] [id=8244]

VM state:not at safepoint (normal execution)

VM Mutex/Monitor currently owned by a thread: None

Heap:
 PSYoungGen      total 252928K, used 90809K [0x00000000e0000000, 0x00000000f5900000, 0x0000000100000000)
  eden space 232960K, 35% used [0x00000000e0000000,0x00000000e5113828,0x00000000ee380000)
  from space 19968K, 38% used [0x00000000ee380000,0x00000000eeb1ac30,0x00000000ef700000)
  to   space 28672K, 0% used [0x00000000f3d00000,0x00000000f3d00000,0x00000000f5900000)
 ParOldGen       total 125952K, used 65960K [0x00000000a0000000, 0x00000000a7b00000, 0x00000000e0000000)
  object space 125952K, 52% used [0x00000000a0000000,0x00000000a406a380,0x00000000a7b00000)
 Metaspace       used 69763K, capacity 72192K, committed 72280K, reserved 1112064K
  class space    used 9031K, capacity 9558K, committed 9600K, reserved 1048576K

Card table byte_map: [0x00000000140b0000,0x00000000143c0000] byte_map_base: 0x0000000013bb0000

Marking Bits: (ParMarkBitMap*) 0x000000006f863950
 Begin Bits: [0x00000000149c0000, 0x00000000161c0000)
 End Bits:   [0x00000000161c0000, 0x00000000179c0000)

Polling page: 0x0000000002d90000

CodeCache: size=245760Kb used=38254Kb max_used=39837Kb free=207505Kb
 bounds [0x0000000004cf0000, 0x0000000007420000, 0x0000000013cf0000]
 total_blobs=11947 nmethods=11132 adapters=726
 compilation: enabled

Compilation events (10 events):
Event: 64.301 Thread 0x000000001866b800 13939       3       java.io.ObjectOutputStream$HandleTable::assign (52 bytes)
Event: 64.301 Thread 0x000000001866b800 nmethod 13939 0x00000000063785d0 code [0x0000000006378760, 0x0000000006378a08]
Event: 64.301 Thread 0x000000001866b800 13940       3       java.io.ObjectOutputStream$BlockDataOutputStream::drain (45 bytes)
Event: 64.302 Thread 0x000000001866b800 nmethod 13940 0x0000000006378090 code [0x0000000006378200, 0x00000000063784f8]
Event: 64.302 Thread 0x000000001866b800 13941   !   3       java.io.ObjectStreamClass::lookup (335 bytes)
Event: 64.305 Thread 0x000000001866b800 nmethod 13941 0x00000000061fcb50 code [0x00000000061fd020, 0x00000000062005a8]
Event: 64.307 Thread 0x000000001866b800 13942       3       java.io.ObjectStreamField::setOffset (6 bytes)
Event: 64.307 Thread 0x000000001866b800 nmethod 13942 0x0000000006377d90 code [0x0000000006377ee0, 0x0000000006378030]
Event: 64.311 Thread 0x000000001866b800 13943       3       java.lang.Class::getDeclaredConstructor (16 bytes)
Event: 64.311 Thread 0x000000001866b800 nmethod 13943 0x00000000066cb890 code [0x00000000066cba20, 0x00000000066cbc28]

GC Heap History (10 events):
Event: 42.399 GC heap before
{Heap before GC invocations=12 (full 2):
 PSYoungGen      total 212480K, used 166781K [0x00000000e0000000, 0x00000000f0900000, 0x0000000100000000)
  eden space 199168K, 77% used [0x00000000e0000000,0x00000000e95e0258,0x00000000ec280000)
  from space 13312K, 99% used [0x00000000ec280000,0x00000000ecf7f4e0,0x00000000ecf80000)
  to   space 18432K, 0% used [0x00000000ef700000,0x00000000ef700000,0x00000000f0900000)
 ParOldGen       total 79872K, used 26433K [0x00000000a0000000, 0x00000000a4e00000, 0x00000000e0000000)
  object space 79872K, 33% used [0x00000000a0000000,0x00000000a19d0438,0x00000000a4e00000)
 Metaspace       used 57105K, capacity 58934K, committed 59028K, reserved 1099776K
  class space    used 7693K, capacity 8148K, committed 8192K, reserved 1048576K
Event: 42.426 GC heap after
Heap after GC invocations=12 (full 2):
 PSYoungGen      total 251392K, used 15505K [0x00000000e0000000, 0x00000000f1e80000, 0x0000000100000000)
  eden space 232960K, 0% used [0x00000000e0000000,0x00000000e0000000,0x00000000ee380000)
  from space 18432K, 84% used [0x00000000ef700000,0x00000000f0624770,0x00000000f0900000)
  to   space 19968K, 0% used [0x00000000ee380000,0x00000000ee380000,0x00000000ef700000)
 ParOldGen       total 79872K, used 33353K [0x00000000a0000000, 0x00000000a4e00000, 0x00000000e0000000)
  object space 79872K, 41% used [0x00000000a0000000,0x00000000a2092570,0x00000000a4e00000)
 Metaspace       used 57105K, capacity 58934K, committed 59028K, reserved 1099776K
  class space    used 7693K, capacity 8148K, committed 8192K, reserved 1048576K
}
Event: 42.426 GC heap before
{Heap before GC invocations=13 (full 3):
 PSYoungGen      total 251392K, used 15505K [0x00000000e0000000, 0x00000000f1e80000, 0x0000000100000000)
  eden space 232960K, 0% used [0x00000000e0000000,0x00000000e0000000,0x00000000ee380000)
  from space 18432K, 84% used [0x00000000ef700000,0x00000000f0624770,0x00000000f0900000)
  to   space 19968K, 0% used [0x00000000ee380000,0x00000000ee380000,0x00000000ef700000)
 ParOldGen       total 79872K, used 33353K [0x00000000a0000000, 0x00000000a4e00000, 0x00000000e0000000)
  object space 79872K, 41% used [0x00000000a0000000,0x00000000a2092570,0x00000000a4e00000)
 Metaspace       used 57105K, capacity 58934K, committed 59028K, reserved 1099776K
  class space    used 7693K, capacity 8148K, committed 8192K, reserved 1048576K
Event: 42.703 GC heap after
Heap after GC invocations=13 (full 3):
 PSYoungGen      total 251392K, used 0K [0x00000000e0000000, 0x00000000f1e80000, 0x0000000100000000)
  eden space 232960K, 0% used [0x00000000e0000000,0x00000000e0000000,0x00000000ee380000)
  from space 18432K, 0% used [0x00000000ef700000,0x00000000ef700000,0x00000000f0900000)
  to   space 19968K, 0% used [0x00000000ee380000,0x00000000ee380000,0x00000000ef700000)
 ParOldGen       total 125952K, used 36438K [0x00000000a0000000, 0x00000000a7b00000, 0x00000000e0000000)
  object space 125952K, 28% used [0x00000000a0000000,0x00000000a2395bd8,0x00000000a7b00000)
 Metaspace       used 57105K, capacity 58934K, committed 59028K, reserved 1099776K
  class space    used 7693K, capacity 8148K, committed 8192K, reserved 1048576K
}
Event: 49.581 GC heap before
{Heap before GC invocations=14 (full 3):
 PSYoungGen      total 251392K, used 232960K [0x00000000e0000000, 0x00000000f1e80000, 0x0000000100000000)
  eden space 232960K, 100% used [0x00000000e0000000,0x00000000ee380000,0x00000000ee380000)
  from space 18432K, 0% used [0x00000000ef700000,0x00000000ef700000,0x00000000f0900000)
  to   space 19968K, 0% used [0x00000000ee380000,0x00000000ee380000,0x00000000ef700000)
 ParOldGen       total 125952K, used 36438K [0x00000000a0000000, 0x00000000a7b00000, 0x00000000e0000000)
  object space 125952K, 28% used [0x00000000a0000000,0x00000000a2395bd8,0x00000000a7b00000)
 Metaspace       used 63670K, capacity 65874K, committed 66008K, reserved 1105920K
  class space    used 8363K, capacity 8835K, committed 8960K, reserved 1048576K
Event: 49.624 GC heap after
Heap after GC invocations=14 (full 3):
 PSYoungGen      total 252928K, used 19944K [0x00000000e0000000, 0x00000000f4680000, 0x0000000100000000)
  eden space 232960K, 0% used [0x00000000e0000000,0x00000000e0000000,0x00000000ee380000)
  from space 19968K, 99% used [0x00000000ee380000,0x00000000ef6fa2c0,0x00000000ef700000)
  to   space 22528K, 0% used [0x00000000f3080000,0x00000000f3080000,0x00000000f4680000)
 ParOldGen       total 125952K, used 37114K [0x00000000a0000000, 0x00000000a7b00000, 0x00000000e0000000)
  object space 125952K, 29% used [0x00000000a0000000,0x00000000a243eb68,0x00000000a7b00000)
 Metaspace       used 63670K, capacity 65874K, committed 66008K, reserved 1105920K
  class space    used 8363K, capacity 8835K, committed 8960K, reserved 1048576K
}
Event: 52.723 GC heap before
{Heap before GC invocations=15 (full 3):
 PSYoungGen      total 252928K, used 252904K [0x00000000e0000000, 0x00000000f4680000, 0x0000000100000000)
  eden space 232960K, 100% used [0x00000000e0000000,0x00000000ee380000,0x00000000ee380000)
  from space 19968K, 99% used [0x00000000ee380000,0x00000000ef6fa2c0,0x00000000ef700000)
  to   space 22528K, 0% used [0x00000000f3080000,0x00000000f3080000,0x00000000f4680000)
 ParOldGen       total 125952K, used 37114K [0x00000000a0000000, 0x00000000a7b00000, 0x00000000e0000000)
  object space 125952K, 29% used [0x00000000a0000000,0x00000000a243eb68,0x00000000a7b00000)
 Metaspace       used 66639K, capacity 68948K, committed 69080K, reserved 1110016K
  class space    used 8625K, capacity 9154K, committed 9216K, reserved 1048576K
Event: 52.769 GC heap after
Heap after GC invocations=15 (full 3):
 PSYoungGen      total 255488K, used 22524K [0x00000000e0000000, 0x00000000f4680000, 0x0000000100000000)
  eden space 232960K, 0% used [0x00000000e0000000,0x00000000e0000000,0x00000000ee380000)
  from space 22528K, 99% used [0x00000000f3080000,0x00000000f467f2e0,0x00000000f4680000)
  to   space 19968K, 0% used [0x00000000ee380000,0x00000000ee380000,0x00000000ef700000)
 ParOldGen       total 125952K, used 47289K [0x00000000a0000000, 0x00000000a7b00000, 0x00000000e0000000)
  object space 125952K, 37% used [0x00000000a0000000,0x00000000a2e2e5e8,0x00000000a7b00000)
 Metaspace       used 66639K, capacity 68948K, committed 69080K, reserved 1110016K
  class space    used 8625K, capacity 9154K, committed 9216K, reserved 1048576K
}
Event: 63.637 GC heap before
{Heap before GC invocations=16 (full 3):
 PSYoungGen      total 255488K, used 255484K [0x00000000e0000000, 0x00000000f4680000, 0x0000000100000000)
  eden space 232960K, 100% used [0x00000000e0000000,0x00000000ee380000,0x00000000ee380000)
  from space 22528K, 99% used [0x00000000f3080000,0x00000000f467f2e0,0x00000000f4680000)
  to   space 19968K, 0% used [0x00000000ee380000,0x00000000ee380000,0x00000000ef700000)
 ParOldGen       total 125952K, used 47289K [0x00000000a0000000, 0x00000000a7b00000, 0x00000000e0000000)
  object space 125952K, 37% used [0x00000000a0000000,0x00000000a2e2e5e8,0x00000000a7b00000)
 Metaspace       used 68582K, capacity 71036K, committed 71384K, reserved 1112064K
  class space    used 8834K, capacity 9348K, committed 9472K, reserved 1048576K
Event: 63.695 GC heap after
Heap after GC invocations=16 (full 3):
 PSYoungGen      total 252928K, used 7787K [0x00000000e0000000, 0x00000000f5900000, 0x0000000100000000)
  eden space 232960K, 0% used [0x00000000e0000000,0x00000000e0000000,0x00000000ee380000)
  from space 19968K, 38% used [0x00000000ee380000,0x00000000eeb1ac30,0x00000000ef700000)
  to   space 28672K, 0% used [0x00000000f3d00000,0x00000000f3d00000,0x00000000f5900000)
 ParOldGen       total 125952K, used 65960K [0x00000000a0000000, 0x00000000a7b00000, 0x00000000e0000000)
  object space 125952K, 52% used [0x00000000a0000000,0x00000000a406a380,0x00000000a7b00000)
 Metaspace       used 68582K, capacity 71036K, committed 71384K, reserved 1112064K
  class space    used 8834K, capacity 9348K, committed 9472K, reserved 1048576K
}

Deoptimization events (10 events):
Event: 64.287 Thread 0x000000001b282000 Uncommon trap: reason=bimorphic action=maybe_recompile pc=0x0000000006b559a0 method=java.io.ObjectOutputStream$BlockDataOutputStream.write([BIIZ)V @ 23
Event: 64.287 Thread 0x000000001b282000 Uncommon trap: reason=bimorphic action=maybe_recompile pc=0x00000000061048e4 method=java.io.ObjectOutputStream$BlockDataOutputStream.drain()V @ 36
Event: 64.287 Thread 0x000000001b282000 Uncommon trap: reason=bimorphic action=maybe_recompile pc=0x0000000006b559a0 method=java.io.ObjectOutputStream$BlockDataOutputStream.write([BIIZ)V @ 23
Event: 64.289 Thread 0x000000001b282000 Uncommon trap: reason=bimorphic action=maybe_recompile pc=0x0000000006b559a0 method=java.io.ObjectOutputStream$BlockDataOutputStream.write([BIIZ)V @ 23
Event: 64.289 Thread 0x000000001b282000 Uncommon trap: reason=unstable_if action=reinterpret pc=0x00000000054e8a24 method=java.lang.reflect.Proxy.isProxyClass(Ljava/lang/Class;)Z @ 6
Event: 64.291 Thread 0x000000001b282000 Uncommon trap: reason=unstable_if action=reinterpret pc=0x00000000055a93f8 method=java.lang.reflect.Proxy.isProxyClass(Ljava/lang/Class;)Z @ 6
Event: 64.291 Thread 0x000000001b282000 Uncommon trap: reason=bimorphic action=maybe_recompile pc=0x0000000006b559a0 method=java.io.ObjectOutputStream$BlockDataOutputStream.write([BIIZ)V @ 23
Event: 64.291 Thread 0x000000001b282000 Uncommon trap: reason=array_check action=maybe_recompile pc=0x00000000073ded30 method=java.util.ComparableTimSort.binarySort([Ljava/lang/Object;III)V @ 193
Event: 64.297 Thread 0x000000001b282000 Uncommon trap: reason=unstable_if action=reinterpret pc=0x0000000004fd8308 method=java.io.ObjectOutputStream$HandleTable.assign(Ljava/lang/Object;)I @ 24
Event: 64.306 Thread 0x000000001b282000 Uncommon trap: reason=array_check action=maybe_recompile pc=0x00000000073dec90 method=java.util.ComparableTimSort.binarySort([Ljava/lang/Object;III)V @ 215

Classes redefined (0 events):
No events

Internal exceptions (10 events):
Event: 52.873 Thread 0x000000001a902800 Exception <a 'sun/nio/fs/WindowsException'> (0x00000000e0b0eb20) thrown at [D:\src\AOSP-openjdk-cygwin\jdk8u\hotspot\src\share\vm\prims\jni.cpp, line 709]
Event: 52.923 Thread 0x000000001a904000 Exception <a 'sun/nio/fs/WindowsException'> (0x00000000e119d410) thrown at [D:\src\AOSP-openjdk-cygwin\jdk8u\hotspot\src\share\vm\prims\jni.cpp, line 709]
Event: 52.940 Thread 0x000000001a903000 Exception <a 'sun/nio/fs/WindowsException'> (0x00000000e1446e68) thrown at [D:\src\AOSP-openjdk-cygwin\jdk8u\hotspot\src\share\vm\prims\jni.cpp, line 709]
Event: 52.988 Thread 0x000000001a905800 Exception <a 'sun/nio/fs/WindowsException'> (0x00000000e15f61b0) thrown at [D:\src\AOSP-openjdk-cygwin\jdk8u\hotspot\src\share\vm\prims\jni.cpp, line 709]
Event: 52.996 Thread 0x000000001a902800 Exception <a 'sun/nio/fs/WindowsException'> (0x00000000e1596998) thrown at [D:\src\AOSP-openjdk-cygwin\jdk8u\hotspot\src\share\vm\prims\jni.cpp, line 709]
Event: 53.025 Thread 0x000000001a903000 Exception <a 'sun/nio/fs/WindowsException'> (0x00000000e18c0508) thrown at [D:\src\AOSP-openjdk-cygwin\jdk8u\hotspot\src\share\vm\prims\jni.cpp, line 709]
Event: 53.072 Thread 0x000000001a903000 Exception <a 'sun/nio/fs/WindowsException'> (0x00000000e1f4ee28) thrown at [D:\src\AOSP-openjdk-cygwin\jdk8u\hotspot\src\share\vm\prims\jni.cpp, line 709]
Event: 53.329 Thread 0x000000001a904000 Exception <a 'sun/nio/fs/WindowsException'> (0x00000000e4e87328) thrown at [D:\src\AOSP-openjdk-cygwin\jdk8u\hotspot\src\share\vm\prims\jni.cpp, line 709]
Event: 53.335 Thread 0x000000001a902800 Exception <a 'sun/nio/fs/WindowsException'> (0x00000000e4ef03d8) thrown at [D:\src\AOSP-openjdk-cygwin\jdk8u\hotspot\src\share\vm\prims\jni.cpp, line 709]
Event: 55.008 Thread 0x000000001a90a800 Implicit null exception at 0x0000000005131f10 to 0x000000000513219d

Events (10 events):
Event: 64.291 Thread 0x000000001b282000 DEOPT PACKING pc=0x00000000073ded30 sp=0x000000001cc39c00
Event: 64.291 Thread 0x000000001b282000 DEOPT UNPACKING pc=0x0000000004d3556a sp=0x000000001cc39ba8 mode 2
Event: 64.297 Thread 0x000000001b282000 Uncommon trap: trap_request=0xffffff65 fr.pc=0x0000000004fd8308
Event: 64.297 Thread 0x000000001b282000 DEOPT PACKING pc=0x0000000004fd8308 sp=0x000000001cc395a0
Event: 64.297 Thread 0x000000001b282000 DEOPT UNPACKING pc=0x0000000004d3556a sp=0x000000001cc39590 mode 2
Event: 64.306 Thread 0x000000001b282000 Uncommon trap: trap_request=0xffffffd6 fr.pc=0x00000000073dec90
Event: 64.306 Thread 0x000000001b282000 DEOPT PACKING pc=0x00000000073dec90 sp=0x000000001cc398f0
Event: 64.306 Thread 0x000000001b282000 DEOPT UNPACKING pc=0x0000000004d3556a sp=0x000000001cc39898 mode 2
Event: 64.308 loading class org/gradle/tooling/internal/provider/serialization/DefaultPayloadClassLoaderRegistry$ClassLoaderSpecVisitor
Event: 64.308 loading class org/gradle/tooling/internal/provider/serialization/DefaultPayloadClassLoaderRegistry$ClassLoaderSpecVisitor done


Dynamic libraries:
0x00007ff7ba020000 - 0x00007ff7ba051000 	C:\Program Files\Android\Android Studio\jre\bin\java.exe
0x00007fff36360000 - 0x00007fff36540000 	C:\WINDOWS\SYSTEM32\ntdll.dll
0x00007fff36180000 - 0x00007fff3622e000 	C:\WINDOWS\System32\KERNEL32.DLL
0x00007fff32760000 - 0x00007fff329c6000 	C:\WINDOWS\System32\KERNELBASE.dll
0x00007fff33fe0000 - 0x00007fff34081000 	C:\WINDOWS\System32\ADVAPI32.dll
0x00007fff33840000 - 0x00007fff338dd000 	C:\WINDOWS\System32\msvcrt.dll
0x00007fff35ac0000 - 0x00007fff35b1b000 	C:\WINDOWS\System32\sechost.dll
0x00007fff33d60000 - 0x00007fff33e7f000 	C:\WINDOWS\System32\RPCRT4.dll
0x00007fff33980000 - 0x00007fff33b0f000 	C:\WINDOWS\System32\USER32.dll
0x00007fff32b00000 - 0x00007fff32b20000 	C:\WINDOWS\System32\win32u.dll
0x00007fff362a0000 - 0x00007fff362c8000 	C:\WINDOWS\System32\GDI32.dll
0x00007fff335a0000 - 0x00007fff33733000 	C:\WINDOWS\System32\gdi32full.dll
0x00007fff33740000 - 0x00007fff337db000 	C:\WINDOWS\System32\msvcp_win.dll
0x00007fff32d50000 - 0x00007fff32e46000 	C:\WINDOWS\System32\ucrtbase.dll
0x00007fff282b0000 - 0x00007fff28519000 	C:\WINDOWS\WinSxS\amd64_microsoft.windows.common-controls_6595b64144ccf1df_6.0.16299.371_none_15c7d1789365a290\COMCTL32.dll
0x00007fff35b20000 - 0x00007fff35e28000 	C:\WINDOWS\System32\combase.dll
0x00007fff329d0000 - 0x00007fff32a42000 	C:\WINDOWS\System32\bcryptPrimitives.dll
0x00007fff33e80000 - 0x00007fff33ead000 	C:\WINDOWS\System32\IMM32.DLL
0x00007fff317e0000 - 0x00007fff31811000 	C:\WINDOWS\SYSTEM32\ntmarta.dll
0x00007fff325b0000 - 0x00007fff325e0000 	C:\WINDOWS\SYSTEM32\SspiCli.dll
0x000000006eca0000 - 0x000000006ed72000 	C:\Program Files\Android\Android Studio\jre\jre\bin\msvcr100.dll
0x000000006f0a0000 - 0x000000006f8de000 	C:\Program Files\Android\Android Studio\jre\jre\bin\server\jvm.dll
0x00007fff33830000 - 0x00007fff33838000 	C:\WINDOWS\System32\PSAPI.DLL
0x00007fff2f6b0000 - 0x00007fff2f6d3000 	C:\WINDOWS\SYSTEM32\WINMM.dll
0x00007fff2c760000 - 0x00007fff2c76a000 	C:\WINDOWS\SYSTEM32\VERSION.dll
0x00007fff145b0000 - 0x00007fff145b9000 	C:\WINDOWS\SYSTEM32\WSOCK32.dll
0x00007fff36230000 - 0x00007fff3629c000 	C:\WINDOWS\System32\WS2_32.dll
0x00007fff2f650000 - 0x00007fff2f67a000 	C:\WINDOWS\SYSTEM32\WINMMBASE.dll
0x00007fff337e0000 - 0x00007fff3382a000 	C:\WINDOWS\System32\cfgmgr32.dll
0x00007fff145a0000 - 0x00007fff145af000 	C:\Program Files\Android\Android Studio\jre\jre\bin\verify.dll
0x00007fff140f0000 - 0x00007fff14119000 	C:\Program Files\Android\Android Studio\jre\jre\bin\java.dll
0x00007fff14580000 - 0x00007fff14596000 	C:\Program Files\Android\Android Studio\jre\jre\bin\zip.dll
0x00007fff34680000 - 0x00007fff35ab6000 	C:\WINDOWS\System32\SHELL32.dll
0x00007fff35e30000 - 0x00007fff35ed6000 	C:\WINDOWS\System32\shcore.dll
0x00007fff32e50000 - 0x00007fff33597000 	C:\WINDOWS\System32\windows.storage.dll
0x00007fff362d0000 - 0x00007fff36321000 	C:\WINDOWS\System32\shlwapi.dll
0x00007fff32720000 - 0x00007fff32731000 	C:\WINDOWS\System32\kernel.appcore.dll
0x00007fff326d0000 - 0x00007fff3271c000 	C:\WINDOWS\System32\powrprof.dll
0x00007fff326b0000 - 0x00007fff326cb000 	C:\WINDOWS\System32\profapi.dll
0x00007fff140d0000 - 0x00007fff140ea000 	C:\Program Files\Android\Android Studio\jre\jre\bin\net.dll
0x00007fff31f40000 - 0x00007fff31fa6000 	C:\WINDOWS\system32\mswsock.dll
0x00007fff140b0000 - 0x00007fff140c1000 	C:\Program Files\Android\Android Studio\jre\jre\bin\nio.dll
0x00007fff27120000 - 0x00007fff2713e000 	C:\Users\Jon_Acha\.gradle\native\25\windows-amd64\native-platform.dll
0x00007fff221f0000 - 0x00007fff221fd000 	C:\Program Files\Android\Android Studio\jre\jre\bin\management.dll
0x00007fff32100000 - 0x00007fff32117000 	C:\WINDOWS\SYSTEM32\CRYPTSP.dll
0x00007fff31b40000 - 0x00007fff31b73000 	C:\WINDOWS\system32\rsaenh.dll
0x00007fff32210000 - 0x00007fff32235000 	C:\WINDOWS\SYSTEM32\bcrypt.dll
0x00007fff325e0000 - 0x00007fff32609000 	C:\WINDOWS\SYSTEM32\USERENV.dll
0x00007fff32120000 - 0x00007fff3212b000 	C:\WINDOWS\SYSTEM32\CRYPTBASE.dll
0x00007fff31cd0000 - 0x00007fff31d09000 	C:\WINDOWS\SYSTEM32\IPHLPAPI.DLL
0x00007fff35ee0000 - 0x00007fff35ee8000 	C:\WINDOWS\System32\NSI.dll
0x00007fff280a0000 - 0x00007fff280b6000 	C:\WINDOWS\SYSTEM32\dhcpcsvc6.DLL
0x00007fff28970000 - 0x00007fff2898a000 	C:\WINDOWS\SYSTEM32\dhcpcsvc.DLL

VM Arguments:
jvm_args: -Xmx1536m -Dfile.encoding=windows-1252 -Duser.country=ES -Duser.language=es -Duser.variant 
java_command: org.gradle.launcher.daemon.bootstrap.GradleDaemon 4.1
java_class_path (initial): C:\Users\Jon_Acha\.gradle\wrapper\dists\gradle-4.1-all\bzyivzo6n839fup2jbap0tjew\gradle-4.1\lib\gradle-launcher-4.1.jar
Launcher Type: SUN_STANDARD

Environment Variables:
JAVA_HOME=C:\Program Files\Java\jdk1.8.0_121
PATH=C:\ProgramData\Oracle\Java\javapath;C:\Program Files\Microsoft MPI\Bin\;C:\Windows\system32;C:\Windows;C:\Windows\System32\Wbem;C:\Windows\System32\WindowsPowerShell\v1.0\;C:\Program Files (x86)\NVIDIA Corporation\PhysX\Common;C:\Program Files (x86)\Windows Live\Shared;C:\Program Files\MySQL\MySQL Utilities 1.6\;C:\Program Files\nodejs\;C:\Program Files\Git\cmd;C:\Program Files\Java\jdk1.8.0_121/bin;C:\Users\Jon_Acha\AppData\Local\Android\sdk\platform-tools;C:\php;C:\Apache24;C:\Apache24\bin;C:\Program Files (x86)\Microsoft SQL Server\130\Tools\Binn\;C:\Program Files\Microsoft SQL Server\130\Tools\Binn\;C:\Program Files (x86)\Microsoft SQL Server\130\DTS\Binn\;C:\Program Files\Microsoft SQL Server\130\DTS\Binn\;C:\Program Files\Microsoft SQL Server\Client SDK\ODBC\130\Tools\Binn\;C:\Program Files (x86)\Microsoft SQL Server\Client SDK\ODBC\130\Tools\Binn\;C:\Program Files (x86)\Microsoft SQL Server\130\Tools\Binn\ManagementStudio\;C:\Program Files\MiKTeX 2.9\miktex\bin\x64\;C:\Program Files (x86)\Skype\Phone\;C:\Program Files\PuTTY\;C:\WINDOWS\system32;C:\WINDOWS;C:\WINDOWS\System32\Wbem;C:\WINDOWS\System32\WindowsPowerShell\v1.0\;C:\Program Files\Java\jdk1.8.0_121\bin;C:\Program Files\Apache Software Foundation\apache-maven-3.5.0\bin;%PY_HOME%;C:\Program Files (x86)\GtkSharp\2.12\bin;C:\Users\Jon_Acha\AppData\Local\Programs\Python\Python36-32\Scripts\;C:\Users\Jon_Acha\AppData\Local\Programs\Python\Python36-32\;C:\Users\Jon_Acha\AppData\Local\Microsoft\WindowsApps;C:\Users\Jon_Acha\AppData\Roaming\npm;C:\Program Files\MongoDB\Server\3.4\bin;C:\Program Files\Heroku\bin;
USERNAME=Jon_Acha
OS=Windows_NT
PROCESSOR_IDENTIFIER=Intel64 Family 6 Model 69 Stepping 1, GenuineIntel



---------------  S Y S T E M  ---------------

OS: Windows 10.0 , 64 bit Build 16299 (10.0.16299.15)

CPU:total 4 (initial active 4) (2 cores per cpu, 2 threads per core) family 6 model 69 stepping 1, cmov, cx8, fxsr, mmx, sse, sse2, sse3, ssse3, sse4.1, sse4.2, popcnt, avx, avx2, aes, clmul, erms, lzcnt, ht, tsc, tscinvbit, bmi1, bmi2

Memory: 4k page, physical 8287332k(1251744k free), swap 8287332k(6728k free)

vm_info: OpenJDK 64-Bit Server VM (25.152-b01) for windows-amd64 JRE (1.8.0_152-release-915-b01), built by "builder" with MS VC++ 10.0 (VS2010)

time: Mon Apr 30 20:57:08 2018
elapsed time: 64 seconds (0d 0h 1m 4s)

